# JRE version: Java(TM) SE Runtime Environment (8.0_25-b18) (build 1.8.0_25-b18)
# Java VM: Java HotSpot(TM) 64-Bit Server VM (25.25-b02 mixed mode windows-amd64 compressed oops)
Heap:
 PSYoungGen      total 961536K, used 891804K [0x0000000780900000, 0x00000007bf800000, 0x00000007c0000000)
  eden space 901120K, 95% used [0x0000000780900000,0x00000007b52f6918,0x00000007b7900000)
  from space 60416K, 49% used [0x00000007bbd00000,0x00000007bd9f0ab8,0x00000007bf800000)
  to   space 65024K, 0% used [0x00000007b7900000,0x00000007b7900000,0x00000007bb880000)
 ParOldGen       total 287744K, used 178720K [0x0000000701a00000, 0x0000000713300000, 0x0000000780900000)
  object space 287744K, 62% used [0x0000000701a00000,0x000000070c8881d0,0x0000000713300000)
 Metaspace       used 14176K, capacity 14352K, committed 14592K, reserved 1062912K
  class space    used 1672K, capacity 1696K, committed 1792K, reserved 1048576K
GC Heap History (10 events):
Event: 17.893 GC heap before
{Heap before GC invocations=24 (full 3):
 PSYoungGen      total 981504K, used 944729K [0x0000000780900000, 0x00000007c0000000, 0x00000007c0000000)
  eden space 924672K, 100% used [0x0000000780900000,0x00000007b9000000,0x00000007b9000000)
  from space 56832K, 35% used [0x00000007bc580000,0x00000007bd916568,0x00000007bfd00000)
  to   space 54784K, 0% used [0x00000007b9000000,0x00000007b9000000,0x00000007bc580000)
 ParOldGen       total 287744K, used 156978K [0x0000000701a00000, 0x0000000713300000, 0x0000000780900000)
  object space 287744K, 54% used [0x0000000701a00000,0x000000070b34c9f8,0x0000000713300000)
 Metaspace       used 14166K, capacity 14352K, committed 14592K, reserved 1062912K
  class space    used 1672K, capacity 1696K, committed 1792K, reserved 1048576K
Event: 17.903 GC heap after
Heap after GC invocations=24 (full 3):
 PSYoungGen      total 979456K, used 17431K [0x0000000780900000, 0x00000007bfb00000, 0x00000007c0000000)
  eden space 924672K, 0% used [0x0000000780900000,0x0000000780900000,0x00000007b9000000)
  from space 54784K, 31% used [0x00000007b9000000,0x00000007ba105f68,0x00000007bc580000)
  to   space 53248K, 0% used [0x00000007bc700000,0x00000007bc700000,0x00000007bfb00000)
 ParOldGen       total 287744K, used 169557K [0x0000000701a00000, 0x0000000713300000, 0x0000000780900000)
  object space 287744K, 58% used [0x0000000701a00000,0x000000070bf95458,0x0000000713300000)
 Metaspace       used 14166K, capacity 14352K, committed 14592K, reserved 1062912K
  class space    used 1672K, capacity 1696K, committed 1792K, reserved 1048576K
}
Event: 18.436 GC heap before
{Heap before GC invocations=25 (full 3):
 PSYoungGen      total 979456K, used 942103K [0x0000000780900000, 0x00000007bfb00000, 0x00000007c0000000)
  eden space 924672K, 100% used [0x0000000780900000,0x00000007b9000000,0x00000007b9000000)
  from space 54784K, 31% used [0x00000007b9000000,0x00000007ba105f68,0x00000007bc580000)
  to   space 53248K, 0% used [0x00000007bc700000,0x00000007bc700000,0x00000007bfb00000)
 ParOldGen       total 287744K, used 169560K [0x0000000701a00000, 0x0000000713300000, 0x0000000780900000)
  object space 287744K, 58% used [0x0000000701a00000,0x000000070bf96380,0x0000000713300000)
 Metaspace       used 14166K, capacity 14352K, committed 14592K, reserved 1062912K
  class space    used 1672K, capacity 1696K, committed 1792K, reserved 1048576K
Event: 18.453 GC heap after
Heap after GC invocations=25 (full 3):
 PSYoungGen      total 953344K, used 53241K [0x0000000780900000, 0x00000007c0000000, 0x00000007c0000000)
  eden space 900096K, 0% used [0x0000000780900000,0x0000000780900000,0x00000007b7800000)
  from space 53248K, 99% used [0x00000007bc700000,0x00000007bfafe5b8,0x00000007bfb00000)
  to   space 69632K, 0% used [0x00000007b7800000,0x00000007b7800000,0x00000007bbc00000)
 ParOldGen       total 287744K, used 192807K [0x0000000701a00000, 0x0000000713300000, 0x0000000780900000)
  object space 287744K, 67% used [0x0000000701a00000,0x000000070d649e40,0x0000000713300000)
 Metaspace       used 14166K, capacity 14352K, committed 14592K, reserved 1062912K
  class space    used 1672K, capacity 1696K, committed 1792K, reserved 1048576K
}
Event: 19.041 GC heap before
{Heap before GC invocations=26 (full 3):
 PSYoungGen      total 953344K, used 953337K [0x0000000780900000, 0x00000007c0000000, 0x00000007c0000000)
  eden space 900096K, 100% used [0x0000000780900000,0x00000007b7800000,0x00000007b7800000)
  from space 53248K, 99% used [0x00000007bc700000,0x00000007bfafe5b8,0x00000007bfb00000)
  to   space 69632K, 0% used [0x00000007b7800000,0x00000007b7800000,0x00000007bbc00000)
 ParOldGen       total 287744K, used 192807K [0x0000000701a00000, 0x0000000713300000, 0x0000000780900000)
  object space 287744K, 67% used [0x0000000701a00000,0x000000070d649f78,0x0000000713300000)
 Metaspace       used 14169K, capacity 14352K, committed 14592K, reserved 1062912K
  class space    used 1672K, capacity 1696K, committed 1792K, reserved 1048576K
Event: 19.058 GC heap after
Heap after GC invocations=26 (full 3):
 PSYoungGen      total 969728K, used 14111K [0x0000000780900000, 0x00000007c0000000, 0x00000007c0000000)
  eden space 900096K, 0% used [0x0000000780900000,0x0000000780900000,0x00000007b7800000)
  from space 69632K, 20% used [0x00000007b7800000,0x00000007b85c7c68,0x00000007bbc00000)
  to   space 68608K, 0% used [0x00000007bbd00000,0x00000007bbd00000,0x00000007c0000000)
 ParOldGen       total 287744K, used 240683K [0x0000000701a00000, 0x0000000713300000, 0x0000000780900000)
  object space 287744K, 83% used [0x0000000701a00000,0x000000071050ae20,0x0000000713300000)
 Metaspace       used 14169K, capacity 14352K, committed 14592K, reserved 1062912K
  class space    used 1672K, capacity 1696K, committed 1792K, reserved 1048576K
}
Event: 19.059 GC heap before
{Heap before GC invocations=27 (full 4):
 PSYoungGen      total 969728K, used 14111K [0x0000000780900000, 0x00000007c0000000, 0x00000007c0000000)
  eden space 900096K, 0% used [0x0000000780900000,0x0000000780900000,0x00000007b7800000)
  from space 69632K, 20% used [0x00000007b7800000,0x00000007b85c7c68,0x00000007bbc00000)
  to   space 68608K, 0% used [0x00000007bbd00000,0x00000007bbd00000,0x00000007c0000000)
 ParOldGen       total 287744K, used 240683K [0x0000000701a00000, 0x0000000713300000, 0x0000000780900000)
  object space 287744K, 83% used [0x0000000701a00000,0x000000071050ae20,0x0000000713300000)
 Metaspace       used 14169K, capacity 14352K, committed 14592K, reserved 1062912K
  class space    used 1672K, capacity 1696K, committed 1792K, reserved 1048576K
Event: 19.133 GC heap after
Heap after GC invocations=27 (full 4):
 PSYoungGen      total 969728K, used 0K [0x0000000780900000, 0x00000007c0000000, 0x00000007c0000000)
  eden space 900096K, 0% used [0x0000000780900000,0x0000000780900000,0x00000007b7800000)
  from space 69632K, 0% used [0x00000007b7800000,0x00000007b7800000,0x00000007bbc00000)
  to   space 68608K, 0% used [0x00000007bbd00000,0x00000007bbd00000,0x00000007c0000000)
 ParOldGen       total 287744K, used 178717K [0x0000000701a00000, 0x0000000713300000, 0x0000000780900000)
  object space 287744K, 62% used [0x0000000701a00000,0x000000070c887538,0x0000000713300000)
 Metaspace       used 14169K, capacity 14352K, committed 14592K, reserved 1062912K
  class space    used 1672K, capacity 1696K, committed 1792K, reserved 1048576K
}
Event: 19.758 GC heap before
{Heap before GC invocations=28 (full 4):
 PSYoungGen      total 969728K, used 900096K [0x0000000780900000, 0x00000007c0000000, 0x00000007c0000000)
  eden space 900096K, 100% used [0x0000000780900000,0x00000007b7800000,0x00000007b7800000)
  from space 69632K, 0% used [0x00000007b7800000,0x00000007b7800000,0x00000007bbc00000)
  to   space 68608K, 0% used [0x00000007bbd00000,0x00000007bbd00000,0x00000007c0000000)
 ParOldGen       total 287744K, used 178720K [0x0000000701a00000, 0x0000000713300000, 0x0000000780900000)
  object space 287744K, 62% used [0x0000000701a00000,0x000000070c8881d0,0x0000000713300000)
 Metaspace       used 14174K, capacity 14352K, committed 14592K, reserved 1062912K
  class space    used 1672K, capacity 1696K, committed 1792K, reserved 1048576K
Event: 19.766 GC heap after
Heap after GC invocations=28 (full 4):
 PSYoungGen      total 961536K, used 29634K [0x0000000780900000, 0x00000007bf800000, 0x00000007c0000000)
  eden space 901120K, 0% used [0x0000000780900000,0x0000000780900000,0x00000007b7900000)
  from space 60416K, 49% used [0x00000007bbd00000,0x00000007bd9f0ab8,0x00000007bf800000)
  to   space 65024K, 0% used [0x00000007b7900000,0x00000007b7900000,0x00000007bb880000)
 ParOldGen       total 287744K, used 178720K [0x0000000701a00000, 0x0000000713300000, 0x0000000780900000)
  object space 287744K, 62% used [0x0000000701a00000,0x000000070c8881d0,0x0000000713300000)
 Metaspace       used 14174K, capacity 14352K, committed 14592K, reserved 1062912K
  class space    used 1672K, capacity 1696K, committed 1792K, reserved 1048576K
}

