# JRE version: Java(TM) SE Runtime Environment (8.0_25-b18) (build 1.8.0_25-b18)
# Java VM: Java HotSpot(TM) 64-Bit Server VM (25.25-b02 mixed mode windows-amd64 compressed oops)
Heap:
 PSYoungGen      total 951808K, used 850893K [0x0000000780900000, 0x00000007bf900000, 0x00000007c0000000)
  eden space 925696K, 89% used [0x0000000780900000,0x00000007b2ee6390,0x00000007b9100000)
  from space 26112K, 98% used [0x00000007b9100000,0x00000007baa0d1c8,0x00000007baa80000)
  to   space 53248K, 0% used [0x00000007bc500000,0x00000007bc500000,0x00000007bf900000)
 ParOldGen       total 247296K, used 187809K [0x0000000701a00000, 0x0000000710b80000, 0x0000000780900000)
  object space 247296K, 75% used [0x0000000701a00000,0x000000070d1687e0,0x0000000710b80000)
 Metaspace       used 14472K, capacity 14716K, committed 14976K, reserved 1062912K
  class space    used 1718K, capacity 1794K, committed 1920K, reserved 1048576K
GC Heap History (10 events):
Event: 130.569 GC heap before
{Heap before GC invocations=70 (full 7):
 PSYoungGen      total 971264K, used 34282K [0x0000000780900000, 0x00000007c0000000, 0x00000007c0000000)
  eden space 936960K, 0% used [0x0000000780900000,0x0000000780900000,0x00000007b9c00000)
  from space 34304K, 99% used [0x00000007b9c00000,0x00000007bbd7aae8,0x00000007bbd80000)
  to   space 52224K, 0% used [0x00000007bcd00000,0x00000007bcd00000,0x00000007c0000000)
 ParOldGen       total 180224K, used 150914K [0x0000000701a00000, 0x000000070ca00000, 0x0000000780900000)
  object space 180224K, 83% used [0x0000000701a00000,0x000000070ad60988,0x000000070ca00000)
 Metaspace       used 14472K, capacity 14716K, committed 14976K, reserved 1062912K
  class space    used 1718K, capacity 1794K, committed 1920K, reserved 1048576K
Event: 130.658 GC heap after
Heap after GC invocations=70 (full 7):
 PSYoungGen      total 971264K, used 0K [0x0000000780900000, 0x00000007c0000000, 0x00000007c0000000)
  eden space 936960K, 0% used [0x0000000780900000,0x0000000780900000,0x00000007b9c00000)
  from space 34304K, 0% used [0x00000007b9c00000,0x00000007b9c00000,0x00000007bbd80000)
  to   space 52224K, 0% used [0x00000007bcd00000,0x00000007bcd00000,0x00000007c0000000)
 ParOldGen       total 247296K, used 84491K [0x0000000701a00000, 0x0000000710b80000, 0x0000000780900000)
  object space 247296K, 34% used [0x0000000701a00000,0x0000000706c82ee8,0x0000000710b80000)
 Metaspace       used 14472K, capacity 14716K, committed 14976K, reserved 1062912K
  class space    used 1718K, capacity 1794K, committed 1920K, reserved 1048576K
}
Event: 131.274 GC heap before
{Heap before GC invocations=71 (full 7):
 PSYoungGen      total 971264K, used 936960K [0x0000000780900000, 0x00000007c0000000, 0x00000007c0000000)
  eden space 936960K, 100% used [0x0000000780900000,0x00000007b9c00000,0x00000007b9c00000)
  from space 34304K, 0% used [0x00000007b9c00000,0x00000007b9c00000,0x00000007bbd80000)
  to   space 52224K, 0% used [0x00000007bcd00000,0x00000007bcd00000,0x00000007c0000000)
 ParOldGen       total 247296K, used 84491K [0x0000000701a00000, 0x0000000710b80000, 0x0000000780900000)
  object space 247296K, 34% used [0x0000000701a00000,0x0000000706c82ee8,0x0000000710b80000)
 Metaspace       used 14472K, capacity 14716K, committed 14976K, reserved 1062912K
  class space    used 1718K, capacity 1794K, committed 1920K, reserved 1048576K
Event: 131.282 GC heap after
Heap after GC invocations=71 (full 7):
 PSYoungGen      total 985088K, used 34727K [0x0000000780900000, 0x00000007c0000000, 0x00000007c0000000)
  eden space 932864K, 0% used [0x0000000780900000,0x0000000780900000,0x00000007b9800000)
  from space 52224K, 66% used [0x00000007bcd00000,0x00000007beee9e20,0x00000007c0000000)
  to   space 53248K, 0% used [0x00000007b9800000,0x00000007b9800000,0x00000007bcc00000)
 ParOldGen       total 247296K, used 84491K [0x0000000701a00000, 0x0000000710b80000, 0x0000000780900000)
  object space 247296K, 34% used [0x0000000701a00000,0x0000000706c82ee8,0x0000000710b80000)
 Metaspace       used 14472K, capacity 14716K, committed 14976K, reserved 1062912K
  class space    used 1718K, capacity 1794K, committed 1920K, reserved 1048576K
}
Event: 131.902 GC heap before
{Heap before GC invocations=72 (full 7):
 PSYoungGen      total 985088K, used 967591K [0x0000000780900000, 0x00000007c0000000, 0x00000007c0000000)
  eden space 932864K, 100% used [0x0000000780900000,0x00000007b9800000,0x00000007b9800000)
  from space 52224K, 66% used [0x00000007bcd00000,0x00000007beee9e20,0x00000007c0000000)
  to   space 53248K, 0% used [0x00000007b9800000,0x00000007b9800000,0x00000007bcc00000)
 ParOldGen       total 247296K, used 84525K [0x0000000701a00000, 0x0000000710b80000, 0x0000000780900000)
  object space 247296K, 34% used [0x0000000701a00000,0x0000000706c8b718,0x0000000710b80000)
 Metaspace       used 14472K, capacity 14716K, committed 14976K, reserved 1062912K
  class space    used 1718K, capacity 1794K, committed 1920K, reserved 1048576K
Event: 131.921 GC heap after
Heap after GC invocations=72 (full 7):
 PSYoungGen      total 980480K, used 47273K [0x0000000780900000, 0x00000007c0000000, 0x00000007c0000000)
  eden space 932864K, 0% used [0x0000000780900000,0x0000000780900000,0x00000007b9800000)
  from space 47616K, 99% used [0x00000007b9800000,0x00000007bc62a498,0x00000007bc680000)
  to   space 58368K, 0% used [0x00000007bc700000,0x00000007bc700000,0x00000007c0000000)
 ParOldGen       total 247296K, used 115380K [0x0000000701a00000, 0x0000000710b80000, 0x0000000780900000)
  object space 247296K, 46% used [0x0000000701a00000,0x0000000708aad3b8,0x0000000710b80000)
 Metaspace       used 14472K, capacity 14716K, committed 14976K, reserved 1062912K
  class space    used 1718K, capacity 1794K, committed 1920K, reserved 1048576K
}
Event: 132.716 GC heap before
{Heap before GC invocations=73 (full 7):
 PSYoungGen      total 980480K, used 980137K [0x0000000780900000, 0x00000007c0000000, 0x00000007c0000000)
  eden space 932864K, 100% used [0x0000000780900000,0x00000007b9800000,0x00000007b9800000)
  from space 47616K, 99% used [0x00000007b9800000,0x00000007bc62a498,0x00000007bc680000)
  to   space 58368K, 0% used [0x00000007bc700000,0x00000007bc700000,0x00000007c0000000)
 ParOldGen       total 247296K, used 115686K [0x0000000701a00000, 0x0000000710b80000, 0x0000000780900000)
  object space 247296K, 46% used [0x0000000701a00000,0x0000000708af9988,0x0000000710b80000)
 Metaspace       used 14472K, capacity 14716K, committed 14976K, reserved 1062912K
  class space    used 1718K, capacity 1794K, committed 1920K, reserved 1048576K
Event: 132.745 GC heap after
Heap after GC invocations=73 (full 7):
 PSYoungGen      total 984064K, used 26988K [0x0000000780900000, 0x00000007c0000000, 0x00000007c0000000)
  eden space 925696K, 0% used [0x0000000780900000,0x0000000780900000,0x00000007b9100000)
  from space 58368K, 46% used [0x00000007bc700000,0x00000007be15b228,0x00000007c0000000)
  to   space 55296K, 0% used [0x00000007b9100000,0x00000007b9100000,0x00000007bc700000)
 ParOldGen       total 247296K, used 158535K [0x0000000701a00000, 0x0000000710b80000, 0x0000000780900000)
  object space 247296K, 64% used [0x0000000701a00000,0x000000070b4d1f20,0x0000000710b80000)
 Metaspace       used 14472K, capacity 14716K, committed 14976K, reserved 1062912K
  class space    used 1718K, capacity 1794K, committed 1920K, reserved 1048576K
}
Event: 133.515 GC heap before
{Heap before GC invocations=74 (full 7):
 PSYoungGen      total 984064K, used 952684K [0x0000000780900000, 0x00000007c0000000, 0x00000007c0000000)
  eden space 925696K, 100% used [0x0000000780900000,0x00000007b9100000,0x00000007b9100000)
  from space 58368K, 46% used [0x00000007bc700000,0x00000007be15b228,0x00000007c0000000)
  to   space 55296K, 0% used [0x00000007b9100000,0x00000007b9100000,0x00000007bc700000)
 ParOldGen       total 247296K, used 158763K [0x0000000701a00000, 0x0000000710b80000, 0x0000000780900000)
  object space 247296K, 64% used [0x0000000701a00000,0x000000070b50ae40,0x0000000710b80000)
 Metaspace       used 14472K, capacity 14716K, committed 14976K, reserved 1062912K
  class space    used 1718K, capacity 1794K, committed 1920K, reserved 1048576K
Event: 133.530 GC heap after
Heap after GC invocations=74 (full 7):
 PSYoungGen      total 951808K, used 25652K [0x0000000780900000, 0x00000007bf900000, 0x00000007c0000000)
  eden space 925696K, 0% used [0x0000000780900000,0x0000000780900000,0x00000007b9100000)
  from space 26112K, 98% used [0x00000007b9100000,0x00000007baa0d1c8,0x00000007baa80000)
  to   space 53248K, 0% used [0x00000007bc500000,0x00000007bc500000,0x00000007bf900000)
 ParOldGen       total 247296K, used 187809K [0x0000000701a00000, 0x0000000710b80000, 0x0000000780900000)
  object space 247296K, 75% used [0x0000000701a00000,0x000000070d1687e0,0x0000000710b80000)
 Metaspace       used 14472K, capacity 14716K, committed 14976K, reserved 1062912K
  class space    used 1718K, capacity 1794K, committed 1920K, reserved 1048576K
}

