# JRE version: Java(TM) SE Runtime Environment (8.0_25-b18) (build 1.8.0_25-b18)
# Java VM: Java HotSpot(TM) 64-Bit Server VM (25.25-b02 mixed mode windows-amd64 compressed oops)
Heap:
 PSYoungGen      total 54784K, used 36424K [0x0000000780900000, 0x0000000784500000, 0x00000007c0000000)
  eden space 48128K, 61% used [0x0000000780900000,0x0000000782620fc8,0x0000000783800000)
  from space 6656K, 99% used [0x0000000783900000,0x0000000783f71400,0x0000000783f80000)
  to   space 5632K, 0% used [0x0000000783f80000,0x0000000783f80000,0x0000000784500000)
 ParOldGen       total 131072K, used 56K [0x0000000701a00000, 0x0000000709a00000, 0x0000000780900000)
  object space 131072K, 0% used [0x0000000701a00000,0x0000000701a0e000,0x0000000709a00000)
 Metaspace       used 15714K, capacity 15948K, committed 16128K, reserved 1062912K
  class space    used 1873K, capacity 1924K, committed 2048K, reserved 1048576K
GC Heap History (10 events):
Event: 2.504 GC heap before
{Heap before GC invocations=1 (full 0):
 PSYoungGen      total 57344K, used 49152K [0x0000000780900000, 0x0000000784900000, 0x00000007c0000000)
  eden space 49152K, 100% used [0x0000000780900000,0x0000000783900000,0x0000000783900000)
  from space 8192K, 0% used [0x0000000784100000,0x0000000784100000,0x0000000784900000)
  to   space 8192K, 0% used [0x0000000783900000,0x0000000783900000,0x0000000784100000)
 ParOldGen       total 131072K, used 0K [0x0000000701a00000, 0x0000000709a00000, 0x0000000780900000)
  object space 131072K, 0% used [0x0000000701a00000,0x0000000701a00000,0x0000000709a00000)
 Metaspace       used 11805K, capacity 11976K, committed 12032K, reserved 1060864K
  class space    used 1451K, capacity 1504K, committed 1536K, reserved 1048576K
Event: 2.520 GC heap after
Heap after GC invocations=1 (full 0):
 PSYoungGen      total 57344K, used 5226K [0x0000000780900000, 0x0000000784900000, 0x00000007c0000000)
  eden space 49152K, 0% used [0x0000000780900000,0x0000000780900000,0x0000000783900000)
  from space 8192K, 63% used [0x0000000783900000,0x0000000783e1a8a0,0x0000000784100000)
  to   space 8192K, 0% used [0x0000000784100000,0x0000000784100000,0x0000000784900000)
 ParOldGen       total 131072K, used 16K [0x0000000701a00000, 0x0000000709a00000, 0x0000000780900000)
  object space 131072K, 0% used [0x0000000701a00000,0x0000000701a04000,0x0000000709a00000)
 Metaspace       used 11805K, capacity 11976K, committed 12032K, reserved 1060864K
  class space    used 1451K, capacity 1504K, committed 1536K, reserved 1048576K
}
Event: 19.480 GC heap before
{Heap before GC invocations=2 (full 0):
 PSYoungGen      total 57344K, used 54378K [0x0000000780900000, 0x0000000784900000, 0x00000007c0000000)
  eden space 49152K, 100% used [0x0000000780900000,0x0000000783900000,0x0000000783900000)
  from space 8192K, 63% used [0x0000000783900000,0x0000000783e1a8a0,0x0000000784100000)
  to   space 8192K, 0% used [0x0000000784100000,0x0000000784100000,0x0000000784900000)
 ParOldGen       total 131072K, used 16K [0x0000000701a00000, 0x0000000709a00000, 0x0000000780900000)
  object space 131072K, 0% used [0x0000000701a00000,0x0000000701a04000,0x0000000709a00000)
 Metaspace       used 15498K, capacity 15660K, committed 15744K, reserved 1062912K
  class space    used 1868K, capacity 1892K, committed 1920K, reserved 1048576K
Event: 19.500 GC heap after
Heap after GC invocations=2 (full 0):
 PSYoungGen      total 57344K, used 6173K [0x0000000780900000, 0x0000000784900000, 0x00000007c0000000)
  eden space 49152K, 0% used [0x0000000780900000,0x0000000780900000,0x0000000783900000)
  from space 8192K, 75% used [0x0000000784100000,0x0000000784707650,0x0000000784900000)
  to   space 8192K, 0% used [0x0000000783900000,0x0000000783900000,0x0000000784100000)
 ParOldGen       total 131072K, used 32K [0x0000000701a00000, 0x0000000709a00000, 0x0000000780900000)
  object space 131072K, 0% used [0x0000000701a00000,0x0000000701a08000,0x0000000709a00000)
 Metaspace       used 15498K, capacity 15660K, committed 15744K, reserved 1062912K
  class space    used 1868K, capacity 1892K, committed 1920K, reserved 1048576K
}
Event: 52.494 GC heap before
{Heap before GC invocations=3 (full 0):
 PSYoungGen      total 57344K, used 55325K [0x0000000780900000, 0x0000000784900000, 0x00000007c0000000)
  eden space 49152K, 100% used [0x0000000780900000,0x0000000783900000,0x0000000783900000)
  from space 8192K, 75% used [0x0000000784100000,0x0000000784707650,0x0000000784900000)
  to   space 8192K, 0% used [0x0000000783900000,0x0000000783900000,0x0000000784100000)
 ParOldGen       total 131072K, used 32K [0x0000000701a00000, 0x0000000709a00000, 0x0000000780900000)
  object space 131072K, 0% used [0x0000000701a00000,0x0000000701a08000,0x0000000709a00000)
 Metaspace       used 15653K, capacity 15852K, committed 16000K, reserved 1062912K
  class space    used 1869K, capacity 1892K, committed 1920K, reserved 1048576K
Event: 52.504 GC heap after
Heap after GC invocations=3 (full 0):
 PSYoungGen      total 57344K, used 5735K [0x0000000780900000, 0x0000000784900000, 0x00000007c0000000)
  eden space 49152K, 0% used [0x0000000780900000,0x0000000780900000,0x0000000783900000)
  from space 8192K, 70% used [0x0000000783900000,0x0000000783e99d10,0x0000000784100000)
  to   space 8192K, 0% used [0x0000000784100000,0x0000000784100000,0x0000000784900000)
 ParOldGen       total 131072K, used 40K [0x0000000701a00000, 0x0000000709a00000, 0x0000000780900000)
  object space 131072K, 0% used [0x0000000701a00000,0x0000000701a0a000,0x0000000709a00000)
 Metaspace       used 15653K, capacity 15852K, committed 16000K, reserved 1062912K
  class space    used 1869K, capacity 1892K, committed 1920K, reserved 1048576K
}
Event: 70.383 GC heap before
{Heap before GC invocations=4 (full 0):
 PSYoungGen      total 57344K, used 54887K [0x0000000780900000, 0x0000000784900000, 0x00000007c0000000)
  eden space 49152K, 100% used [0x0000000780900000,0x0000000783900000,0x0000000783900000)
  from space 8192K, 70% used [0x0000000783900000,0x0000000783e99d10,0x0000000784100000)
  to   space 8192K, 0% used [0x0000000784100000,0x0000000784100000,0x0000000784900000)
 ParOldGen       total 131072K, used 40K [0x0000000701a00000, 0x0000000709a00000, 0x0000000780900000)
  object space 131072K, 0% used [0x0000000701a00000,0x0000000701a0a000,0x0000000709a00000)
 Metaspace       used 15676K, capacity 15884K, committed 16128K, reserved 1062912K
  class space    used 1872K, capacity 1924K, committed 2048K, reserved 1048576K
Event: 70.397 GC heap after
Heap after GC invocations=4 (full 0):
 PSYoungGen      total 57344K, used 5732K [0x0000000780900000, 0x0000000784900000, 0x00000007c0000000)
  eden space 49152K, 0% used [0x0000000780900000,0x0000000780900000,0x0000000783900000)
  from space 8192K, 69% used [0x0000000784100000,0x0000000784699388,0x0000000784900000)
  to   space 8192K, 0% used [0x0000000783900000,0x0000000783900000,0x0000000784100000)
 ParOldGen       total 131072K, used 48K [0x0000000701a00000, 0x0000000709a00000, 0x0000000780900000)
  object space 131072K, 0% used [0x0000000701a00000,0x0000000701a0c000,0x0000000709a00000)
 Metaspace       used 15676K, capacity 15884K, committed 16128K, reserved 1062912K
  class space    used 1872K, capacity 1924K, committed 2048K, reserved 1048576K
}
Event: 84.583 GC heap before
{Heap before GC invocations=5 (full 0):
 PSYoungGen      total 57344K, used 54884K [0x0000000780900000, 0x0000000784900000, 0x00000007c0000000)
  eden space 49152K, 100% used [0x0000000780900000,0x0000000783900000,0x0000000783900000)
  from space 8192K, 69% used [0x0000000784100000,0x0000000784699388,0x0000000784900000)
  to   space 8192K, 0% used [0x0000000783900000,0x0000000783900000,0x0000000784100000)
 ParOldGen       total 131072K, used 48K [0x0000000701a00000, 0x0000000709a00000, 0x0000000780900000)
  object space 131072K, 0% used [0x0000000701a00000,0x0000000701a0c000,0x0000000709a00000)
 Metaspace       used 15714K, capacity 15948K, committed 16128K, reserved 1062912K
  class space    used 1873K, capacity 1924K, committed 2048K, reserved 1048576K
Event: 84.596 GC heap after
Heap after GC invocations=5 (full 0):
 PSYoungGen      total 54784K, used 6597K [0x0000000780900000, 0x0000000784500000, 0x00000007c0000000)
  eden space 48128K, 0% used [0x0000000780900000,0x0000000780900000,0x0000000783800000)
  from space 6656K, 99% used [0x0000000783900000,0x0000000783f71400,0x0000000783f80000)
  to   space 5632K, 0% used [0x0000000783f80000,0x0000000783f80000,0x0000000784500000)
 ParOldGen       total 131072K, used 56K [0x0000000701a00000, 0x0000000709a00000, 0x0000000780900000)
  object space 131072K, 0% used [0x0000000701a00000,0x0000000701a0e000,0x0000000709a00000)
 Metaspace       used 15714K, capacity 15948K, committed 16128K, reserved 1062912K
  class space    used 1873K, capacity 1924K, committed 2048K, reserved 1048576K
}

