# JRE version: Java(TM) SE Runtime Environment (8.0_25-b18) (build 1.8.0_25-b18)
# Java VM: Java HotSpot(TM) 64-Bit Server VM (25.25-b02 mixed mode windows-amd64 compressed oops)
Heap:
 PSYoungGen      total 960512K, used 176087K [0x0000000780900000, 0x00000007bfd00000, 0x00000007c0000000)
  eden space 891904K, 12% used [0x0000000780900000,0x00000007871f7bc8,0x00000007b7000000)
  from space 68608K, 99% used [0x00000007bba00000,0x00000007bfcfe410,0x00000007bfd00000)
  to   space 72192K, 0% used [0x00000007b7000000,0x00000007b7000000,0x00000007bb680000)
 ParOldGen       total 253952K, used 189993K [0x0000000701a00000, 0x0000000711200000, 0x0000000780900000)
  object space 253952K, 74% used [0x0000000701a00000,0x000000070d38a660,0x0000000711200000)
 Metaspace       used 14195K, capacity 14352K, committed 14592K, reserved 1062912K
  class space    used 1674K, capacity 1696K, committed 1792K, reserved 1048576K
GC Heap History (10 events):
Event: 45.343 GC heap before
{Heap before GC invocations=27 (full 3):
 PSYoungGen      total 977920K, used 942335K [0x0000000780900000, 0x00000007c0000000, 0x00000007c0000000)
  eden space 916480K, 100% used [0x0000000780900000,0x00000007b8800000,0x00000007b8800000)
  from space 61440K, 42% used [0x00000007b8800000,0x00000007ba13fcf8,0x00000007bc400000)
  to   space 58368K, 0% used [0x00000007bc700000,0x00000007bc700000,0x00000007c0000000)
 ParOldGen       total 253952K, used 102517K [0x0000000701a00000, 0x0000000711200000, 0x0000000780900000)
  object space 253952K, 40% used [0x0000000701a00000,0x0000000707e1d498,0x0000000711200000)
 Metaspace       used 14195K, capacity 14352K, committed 14592K, reserved 1062912K
  class space    used 1674K, capacity 1696K, committed 1792K, reserved 1048576K
Event: 45.361 GC heap after
Heap after GC invocations=27 (full 3):
 PSYoungGen      total 946176K, used 58360K [0x0000000780900000, 0x00000007c0000000, 0x00000007c0000000)
  eden space 887808K, 0% used [0x0000000780900000,0x0000000780900000,0x00000007b6c00000)
  from space 58368K, 99% used [0x00000007bc700000,0x00000007bfffe028,0x00000007c0000000)
  to   space 75776K, 0% used [0x00000007b6c00000,0x00000007b6c00000,0x00000007bb600000)
 ParOldGen       total 253952K, used 127723K [0x0000000701a00000, 0x0000000711200000, 0x0000000780900000)
  object space 253952K, 50% used [0x0000000701a00000,0x00000007096bac18,0x0000000711200000)
 Metaspace       used 14195K, capacity 14352K, committed 14592K, reserved 1062912K
  class space    used 1674K, capacity 1696K, committed 1792K, reserved 1048576K
}
Event: 46.011 GC heap before
{Heap before GC invocations=28 (full 3):
 PSYoungGen      total 946176K, used 946168K [0x0000000780900000, 0x00000007c0000000, 0x00000007c0000000)
  eden space 887808K, 100% used [0x0000000780900000,0x00000007b6c00000,0x00000007b6c00000)
  from space 58368K, 99% used [0x00000007bc700000,0x00000007bfffe028,0x00000007c0000000)
  to   space 75776K, 0% used [0x00000007b6c00000,0x00000007b6c00000,0x00000007bb600000)
 ParOldGen       total 253952K, used 127822K [0x0000000701a00000, 0x0000000711200000, 0x0000000780900000)
  object space 253952K, 50% used [0x0000000701a00000,0x00000007096d3920,0x0000000711200000)
 Metaspace       used 14195K, capacity 14352K, committed 14592K, reserved 1062912K
  class space    used 1674K, capacity 1696K, committed 1792K, reserved 1048576K
Event: 46.034 GC heap after
Heap after GC invocations=28 (full 3):
 PSYoungGen      total 963584K, used 32908K [0x0000000780900000, 0x00000007c0000000, 0x00000007c0000000)
  eden space 887808K, 0% used [0x0000000780900000,0x0000000780900000,0x00000007b6c00000)
  from space 75776K, 43% used [0x00000007b6c00000,0x00000007b8c23228,0x00000007bb600000)
  to   space 71680K, 0% used [0x00000007bba00000,0x00000007bba00000,0x00000007c0000000)
 ParOldGen       total 253952K, used 182174K [0x0000000701a00000, 0x0000000711200000, 0x0000000780900000)
  object space 253952K, 71% used [0x0000000701a00000,0x000000070cbe7b50,0x0000000711200000)
 Metaspace       used 14195K, capacity 14352K, committed 14592K, reserved 1062912K
  class space    used 1674K, capacity 1696K, committed 1792K, reserved 1048576K
}
Event: 46.657 GC heap before
{Heap before GC invocations=29 (full 3):
 PSYoungGen      total 963584K, used 920716K [0x0000000780900000, 0x00000007c0000000, 0x00000007c0000000)
  eden space 887808K, 100% used [0x0000000780900000,0x00000007b6c00000,0x00000007b6c00000)
  from space 75776K, 43% used [0x00000007b6c00000,0x00000007b8c23228,0x00000007bb600000)
  to   space 71680K, 0% used [0x00000007bba00000,0x00000007bba00000,0x00000007c0000000)
 ParOldGen       total 253952K, used 182176K [0x0000000701a00000, 0x0000000711200000, 0x0000000780900000)
  object space 253952K, 71% used [0x0000000701a00000,0x000000070cbe8128,0x0000000711200000)
 Metaspace       used 14195K, capacity 14352K, committed 14592K, reserved 1062912K
  class space    used 1674K, capacity 1696K, committed 1792K, reserved 1048576K
Event: 46.667 GC heap after
Heap after GC invocations=29 (full 3):
 PSYoungGen      total 960512K, used 45093K [0x0000000780900000, 0x00000007bfd00000, 0x00000007c0000000)
  eden space 891904K, 0% used [0x0000000780900000,0x0000000780900000,0x00000007b7000000)
  from space 68608K, 65% used [0x00000007bba00000,0x00000007be609558,0x00000007bfd00000)
  to   space 72192K, 0% used [0x00000007b7000000,0x00000007b7000000,0x00000007bb680000)
 ParOldGen       total 253952K, used 182176K [0x0000000701a00000, 0x0000000711200000, 0x0000000780900000)
  object space 253952K, 71% used [0x0000000701a00000,0x000000070cbe8128,0x0000000711200000)
 Metaspace       used 14195K, capacity 14352K, committed 14592K, reserved 1062912K
  class space    used 1674K, capacity 1696K, committed 1792K, reserved 1048576K
}
Event: 47.332 GC heap before
{Heap before GC invocations=30 (full 3):
 PSYoungGen      total 960512K, used 936997K [0x0000000780900000, 0x00000007bfd00000, 0x00000007c0000000)
  eden space 891904K, 100% used [0x0000000780900000,0x00000007b7000000,0x00000007b7000000)
  from space 68608K, 65% used [0x00000007bba00000,0x00000007be609558,0x00000007bfd00000)
  to   space 72192K, 0% used [0x00000007b7000000,0x00000007b7000000,0x00000007bb680000)
 ParOldGen       total 253952K, used 182180K [0x0000000701a00000, 0x0000000711200000, 0x0000000780900000)
  object space 253952K, 71% used [0x0000000701a00000,0x000000070cbe9010,0x0000000711200000)
 Metaspace       used 14195K, capacity 14352K, committed 14592K, reserved 1062912K
  class space    used 1674K, capacity 1696K, committed 1792K, reserved 1048576K
Event: 47.348 GC heap after
Heap after GC invocations=30 (full 3):
 PSYoungGen      total 964096K, used 64615K [0x0000000780900000, 0x00000007bfd00000, 0x00000007c0000000)
  eden space 891904K, 0% used [0x0000000780900000,0x0000000780900000,0x00000007b7000000)
  from space 72192K, 89% used [0x00000007b7000000,0x00000007baf19e20,0x00000007bb680000)
  to   space 68608K, 0% used [0x00000007bba00000,0x00000007bba00000,0x00000007bfd00000)
 ParOldGen       total 253952K, used 182180K [0x0000000701a00000, 0x0000000711200000, 0x0000000780900000)
  object space 253952K, 71% used [0x0000000701a00000,0x000000070cbe9010,0x0000000711200000)
 Metaspace       used 14195K, capacity 14352K, committed 14592K, reserved 1062912K
  class space    used 1674K, capacity 1696K, committed 1792K, reserved 1048576K
}
Event: 48.008 GC heap before
{Heap before GC invocations=31 (full 3):
 PSYoungGen      total 964096K, used 956519K [0x0000000780900000, 0x00000007bfd00000, 0x00000007c0000000)
  eden space 891904K, 100% used [0x0000000780900000,0x00000007b7000000,0x00000007b7000000)
  from space 72192K, 89% used [0x00000007b7000000,0x00000007baf19e20,0x00000007bb680000)
  to   space 68608K, 0% used [0x00000007bba00000,0x00000007bba00000,0x00000007bfd00000)
 ParOldGen       total 253952K, used 182180K [0x0000000701a00000, 0x0000000711200000, 0x0000000780900000)
  object space 253952K, 71% used [0x0000000701a00000,0x000000070cbe9058,0x0000000711200000)
 Metaspace       used 14195K, capacity 14352K, committed 14592K, reserved 1062912K
  class space    used 1674K, capacity 1696K, committed 1792K, reserved 1048576K
Event: 48.032 GC heap after
Heap after GC invocations=31 (full 3):
 PSYoungGen      total 960512K, used 68601K [0x0000000780900000, 0x00000007bfd00000, 0x00000007c0000000)
  eden space 891904K, 0% used [0x0000000780900000,0x0000000780900000,0x00000007b7000000)
  from space 68608K, 99% used [0x00000007bba00000,0x00000007bfcfe410,0x00000007bfd00000)
  to   space 72192K, 0% used [0x00000007b7000000,0x00000007b7000000,0x00000007bb680000)
 ParOldGen       total 253952K, used 189993K [0x0000000701a00000, 0x0000000711200000, 0x0000000780900000)
  object space 253952K, 74% used [0x0000000701a00000,0x000000070d38a660,0x0000000711200000)
 Metaspace       used 14195K, capacity 14352K, committed 14592K, reserved 1062912K
  class space    used 1674K, capacity 1696K, committed 1792K, reserved 1048576K
}

