# JRE version: Java(TM) SE Runtime Environment (8.0_25-b18) (build 1.8.0_25-b18)
# Java VM: Java HotSpot(TM) 64-Bit Server VM (25.25-b02 mixed mode windows-amd64 compressed oops)
Heap:
 PSYoungGen      total 1014272K, used 449927K [0x0000000780900000, 0x00000007c0000000, 0x00000007c0000000)
  eden space 989184K, 44% used [0x0000000780900000,0x000000079b7a0c58,0x00000007bcf00000)
  from space 25088K, 35% used [0x00000007bcf00000,0x00000007bd7c10e8,0x00000007be780000)
  to   space 24576K, 0% used [0x00000007be800000,0x00000007be800000,0x00000007c0000000)
 ParOldGen       total 96768K, used 26156K [0x0000000701a00000, 0x0000000707880000, 0x0000000780900000)
  object space 96768K, 27% used [0x0000000701a00000,0x000000070338b270,0x0000000707880000)
 Metaspace       used 13741K, capacity 13904K, committed 14080K, reserved 1060864K
  class space    used 1672K, capacity 1696K, committed 1792K, reserved 1048576K
GC Heap History (10 events):
Event: 14.281 GC heap before
{Heap before GC invocations=18 (full 0):
 PSYoungGen      total 1013248K, used 1003271K [0x0000000780900000, 0x00000007bfe80000, 0x00000007c0000000)
  eden space 990208K, 100% used [0x0000000780900000,0x00000007bd000000,0x00000007bd000000)
  from space 23040K, 56% used [0x00000007bd000000,0x00000007bdcc1df8,0x00000007be680000)
  to   space 22528K, 0% used [0x00000007be880000,0x00000007be880000,0x00000007bfe80000)
 ParOldGen       total 131072K, used 103706K [0x0000000701a00000, 0x0000000709a00000, 0x0000000780900000)
  object space 131072K, 79% used [0x0000000701a00000,0x0000000707f468b0,0x0000000709a00000)
 Metaspace       used 13703K, capacity 13906K, committed 14080K, reserved 1060864K
  class space    used 1672K, capacity 1697K, committed 1792K, reserved 1048576K
Event: 14.290 GC heap after
Heap after GC invocations=18 (full 0):
 PSYoungGen      total 1013760K, used 19890K [0x0000000780900000, 0x00000007c0000000, 0x00000007c0000000)
  eden space 991232K, 0% used [0x0000000780900000,0x0000000780900000,0x00000007bd100000)
  from space 22528K, 88% used [0x00000007be880000,0x00000007bfbecbe0,0x00000007bfe80000)
  to   space 24064K, 0% used [0x00000007bd100000,0x00000007bd100000,0x00000007be880000)
 ParOldGen       total 131072K, used 106436K [0x0000000701a00000, 0x0000000709a00000, 0x0000000780900000)
  object space 131072K, 81% used [0x0000000701a00000,0x00000007081f12c0,0x0000000709a00000)
 Metaspace       used 13703K, capacity 13906K, committed 14080K, reserved 1060864K
  class space    used 1672K, capacity 1697K, committed 1792K, reserved 1048576K
}
Event: 14.739 GC heap before
{Heap before GC invocations=19 (full 0):
 PSYoungGen      total 1013760K, used 1011122K [0x0000000780900000, 0x00000007c0000000, 0x00000007c0000000)
  eden space 991232K, 100% used [0x0000000780900000,0x00000007bd100000,0x00000007bd100000)
  from space 22528K, 88% used [0x00000007be880000,0x00000007bfbecbe0,0x00000007bfe80000)
  to   space 24064K, 0% used [0x00000007bd100000,0x00000007bd100000,0x00000007be880000)
 ParOldGen       total 131072K, used 106436K [0x0000000701a00000, 0x0000000709a00000, 0x0000000780900000)
  object space 131072K, 81% used [0x0000000701a00000,0x00000007081f12c0,0x0000000709a00000)
 Metaspace       used 13709K, capacity 13906K, committed 14080K, reserved 1060864K
  class space    used 1672K, capacity 1697K, committed 1792K, reserved 1048576K
Event: 14.744 GC heap after
Heap after GC invocations=19 (full 0):
 PSYoungGen      total 1015296K, used 10160K [0x0000000780900000, 0x00000007c0000000, 0x00000007c0000000)
  eden space 991232K, 0% used [0x0000000780900000,0x0000000780900000,0x00000007bd100000)
  from space 24064K, 42% used [0x00000007bd100000,0x00000007bdaec230,0x00000007be880000)
  to   space 23552K, 0% used [0x00000007be900000,0x00000007be900000,0x00000007c0000000)
 ParOldGen       total 131072K, used 115901K [0x0000000701a00000, 0x0000000709a00000, 0x0000000780900000)
  object space 131072K, 88% used [0x0000000701a00000,0x0000000708b2f610,0x0000000709a00000)
 Metaspace       used 13709K, capacity 13906K, committed 14080K, reserved 1060864K
  class space    used 1672K, capacity 1697K, committed 1792K, reserved 1048576K
}
Event: 14.744 GC heap before
{Heap before GC invocations=20 (full 1):
 PSYoungGen      total 1015296K, used 10160K [0x0000000780900000, 0x00000007c0000000, 0x00000007c0000000)
  eden space 991232K, 0% used [0x0000000780900000,0x0000000780900000,0x00000007bd100000)
  from space 24064K, 42% used [0x00000007bd100000,0x00000007bdaec230,0x00000007be880000)
  to   space 23552K, 0% used [0x00000007be900000,0x00000007be900000,0x00000007c0000000)
 ParOldGen       total 131072K, used 115901K [0x0000000701a00000, 0x0000000709a00000, 0x0000000780900000)
  object space 131072K, 88% used [0x0000000701a00000,0x0000000708b2f610,0x0000000709a00000)
 Metaspace       used 13709K, capacity 13906K, committed 14080K, reserved 1060864K
  class space    used 1672K, capacity 1697K, committed 1792K, reserved 1048576K
Event: 14.782 GC heap after
Heap after GC invocations=20 (full 1):
 PSYoungGen      total 1015296K, used 0K [0x0000000780900000, 0x00000007c0000000, 0x00000007c0000000)
  eden space 991232K, 0% used [0x0000000780900000,0x0000000780900000,0x00000007bd100000)
  from space 24064K, 0% used [0x00000007bd100000,0x00000007bd100000,0x00000007be880000)
  to   space 23552K, 0% used [0x00000007be900000,0x00000007be900000,0x00000007c0000000)
 ParOldGen       total 96768K, used 21873K [0x0000000701a00000, 0x0000000707880000, 0x0000000780900000)
  object space 96768K, 22% used [0x0000000701a00000,0x0000000702f5c4f0,0x0000000707880000)
 Metaspace       used 13707K, capacity 13904K, committed 14080K, reserved 1060864K
  class space    used 1672K, capacity 1696K, committed 1792K, reserved 1048576K
}
Event: 15.240 GC heap before
{Heap before GC invocations=21 (full 1):
 PSYoungGen      total 1015296K, used 991232K [0x0000000780900000, 0x00000007c0000000, 0x00000007c0000000)
  eden space 991232K, 100% used [0x0000000780900000,0x00000007bd100000,0x00000007bd100000)
  from space 24064K, 0% used [0x00000007bd100000,0x00000007bd100000,0x00000007be880000)
  to   space 23552K, 0% used [0x00000007be900000,0x00000007be900000,0x00000007c0000000)
 ParOldGen       total 96768K, used 21873K [0x0000000701a00000, 0x0000000707880000, 0x0000000780900000)
  object space 96768K, 22% used [0x0000000701a00000,0x0000000702f5c4f0,0x0000000707880000)
 Metaspace       used 13721K, capacity 13904K, committed 14080K, reserved 1060864K
  class space    used 1672K, capacity 1696K, committed 1792K, reserved 1048576K
Event: 15.244 GC heap after
Heap after GC invocations=21 (full 1):
 PSYoungGen      total 1012736K, used 19184K [0x0000000780900000, 0x00000007c0000000, 0x00000007c0000000)
  eden space 989184K, 0% used [0x0000000780900000,0x0000000780900000,0x00000007bcf00000)
  from space 23552K, 81% used [0x00000007be900000,0x00000007bfbbc098,0x00000007c0000000)
  to   space 25088K, 0% used [0x00000007bcf00000,0x00000007bcf00000,0x00000007be780000)
 ParOldGen       total 96768K, used 21873K [0x0000000701a00000, 0x0000000707880000, 0x0000000780900000)
  object space 96768K, 22% used [0x0000000701a00000,0x0000000702f5c4f0,0x0000000707880000)
 Metaspace       used 13721K, capacity 13904K, committed 14080K, reserved 1060864K
  class space    used 1672K, capacity 1696K, committed 1792K, reserved 1048576K
}
Event: 15.747 GC heap before
{Heap before GC invocations=22 (full 1):
 PSYoungGen      total 1012736K, used 1008368K [0x0000000780900000, 0x00000007c0000000, 0x00000007c0000000)
  eden space 989184K, 100% used [0x0000000780900000,0x00000007bcf00000,0x00000007bcf00000)
  from space 23552K, 81% used [0x00000007be900000,0x00000007bfbbc098,0x00000007c0000000)
  to   space 25088K, 0% used [0x00000007bcf00000,0x00000007bcf00000,0x00000007be780000)
 ParOldGen       total 96768K, used 21873K [0x0000000701a00000, 0x0000000707880000, 0x0000000780900000)
  object space 96768K, 22% used [0x0000000701a00000,0x0000000702f5c4f0,0x0000000707880000)
 Metaspace       used 13737K, capacity 13904K, committed 14080K, reserved 1060864K
  class space    used 1672K, capacity 1696K, committed 1792K, reserved 1048576K
Event: 15.751 GC heap after
Heap after GC invocations=22 (full 1):
 PSYoungGen      total 1014272K, used 8964K [0x0000000780900000, 0x00000007c0000000, 0x00000007c0000000)
  eden space 989184K, 0% used [0x0000000780900000,0x0000000780900000,0x00000007bcf00000)
  from space 25088K, 35% used [0x00000007bcf00000,0x00000007bd7c10e8,0x00000007be780000)
  to   space 24576K, 0% used [0x00000007be800000,0x00000007be800000,0x00000007c0000000)
 ParOldGen       total 96768K, used 26156K [0x0000000701a00000, 0x0000000707880000, 0x0000000780900000)
  object space 96768K, 27% used [0x0000000701a00000,0x000000070338b270,0x0000000707880000)
 Metaspace       used 13737K, capacity 13904K, committed 14080K, reserved 1060864K
  class space    used 1672K, capacity 1696K, committed 1792K, reserved 1048576K
}

