# JRE version: Java(TM) SE Runtime Environment (8.0_25-b18) (build 1.8.0_25-b18)
# Java VM: Java HotSpot(TM) 64-Bit Server VM (25.25-b02 mixed mode windows-amd64 compressed oops)
Heap:
 PSYoungGen      total 817152K, used 470825K [0x0000000780900000, 0x00000007bff80000, 0x00000007c0000000)
  eden space 786432K, 58% used [0x0000000780900000,0x000000079cd43180,0x00000007b0900000)
  from space 30720K, 25% used [0x00000007b0900000,0x00000007b10873c0,0x00000007b2700000)
  to   space 29696K, 0% used [0x00000007be280000,0x00000007be280000,0x00000007bff80000)
 ParOldGen       total 131072K, used 41760K [0x0000000701a00000, 0x0000000709a00000, 0x0000000780900000)
  object space 131072K, 31% used [0x0000000701a00000,0x00000007042c8340,0x0000000709a00000)
 Metaspace       used 13897K, capacity 14098K, committed 14336K, reserved 1062912K
  class space    used 1672K, capacity 1697K, committed 1792K, reserved 1048576K
GC Heap History (10 events):
Event: 6.751 GC heap before
{Heap before GC invocations=5 (full 0):
 PSYoungGen      total 204800K, used 204787K [0x0000000780900000, 0x000000078d900000, 0x00000007c0000000)
  eden space 196608K, 100% used [0x0000000780900000,0x000000078c900000,0x000000078c900000)
  from space 8192K, 99% used [0x000000078d100000,0x000000078d8fcc30,0x000000078d900000)
  to   space 8192K, 0% used [0x000000078c900000,0x000000078c900000,0x000000078d100000)
 ParOldGen       total 131072K, used 38736K [0x0000000701a00000, 0x0000000709a00000, 0x0000000780900000)
  object space 131072K, 29% used [0x0000000701a00000,0x0000000703fd4248,0x0000000709a00000)
 Metaspace       used 13397K, capacity 13586K, committed 13824K, reserved 1060864K
  class space    used 1660K, capacity 1697K, committed 1792K, reserved 1048576K
Event: 6.763 GC heap after
Heap after GC invocations=5 (full 0):
 PSYoungGen      total 204800K, used 8177K [0x0000000780900000, 0x000000079cc00000, 0x00000007c0000000)
  eden space 196608K, 0% used [0x0000000780900000,0x0000000780900000,0x000000078c900000)
  from space 8192K, 99% used [0x000000078c900000,0x000000078d0fc630,0x000000078d100000)
  to   space 34304K, 0% used [0x000000079aa80000,0x000000079aa80000,0x000000079cc00000)
 ParOldGen       total 131072K, used 38744K [0x0000000701a00000, 0x0000000709a00000, 0x0000000780900000)
  object space 131072K, 29% used [0x0000000701a00000,0x0000000703fd6248,0x0000000709a00000)
 Metaspace       used 13397K, capacity 13586K, committed 13824K, reserved 1060864K
  class space    used 1660K, capacity 1697K, committed 1792K, reserved 1048576K
}
Event: 7.360 GC heap before
{Heap before GC invocations=6 (full 0):
 PSYoungGen      total 204800K, used 204785K [0x0000000780900000, 0x000000079cc00000, 0x00000007c0000000)
  eden space 196608K, 100% used [0x0000000780900000,0x000000078c900000,0x000000078c900000)
  from space 8192K, 99% used [0x000000078c900000,0x000000078d0fc630,0x000000078d100000)
  to   space 34304K, 0% used [0x000000079aa80000,0x000000079aa80000,0x000000079cc00000)
 ParOldGen       total 131072K, used 38744K [0x0000000701a00000, 0x0000000709a00000, 0x0000000780900000)
  object space 131072K, 29% used [0x0000000701a00000,0x0000000703fd6248,0x0000000709a00000)
 Metaspace       used 13472K, capacity 13650K, committed 13824K, reserved 1060864K
  class space    used 1664K, capacity 1697K, committed 1792K, reserved 1048576K
Event: 7.368 GC heap after
Heap after GC invocations=6 (full 0):
 PSYoungGen      total 426496K, used 5566K [0x0000000780900000, 0x000000079cb00000, 0x00000007c0000000)
  eden space 393216K, 0% used [0x0000000780900000,0x0000000780900000,0x0000000798900000)
  from space 33280K, 16% used [0x000000079aa80000,0x000000079afefa90,0x000000079cb00000)
  to   space 33792K, 0% used [0x0000000798900000,0x0000000798900000,0x000000079aa00000)
 ParOldGen       total 131072K, used 38752K [0x0000000701a00000, 0x0000000709a00000, 0x0000000780900000)
  object space 131072K, 29% used [0x0000000701a00000,0x0000000703fd8248,0x0000000709a00000)
 Metaspace       used 13472K, capacity 13650K, committed 13824K, reserved 1060864K
  class space    used 1664K, capacity 1697K, committed 1792K, reserved 1048576K
}
Event: 8.332 GC heap before
{Heap before GC invocations=7 (full 0):
 PSYoungGen      total 426496K, used 398782K [0x0000000780900000, 0x000000079cb00000, 0x00000007c0000000)
  eden space 393216K, 100% used [0x0000000780900000,0x0000000798900000,0x0000000798900000)
  from space 33280K, 16% used [0x000000079aa80000,0x000000079afefa90,0x000000079cb00000)
  to   space 33792K, 0% used [0x0000000798900000,0x0000000798900000,0x000000079aa00000)
 ParOldGen       total 131072K, used 38752K [0x0000000701a00000, 0x0000000709a00000, 0x0000000780900000)
  object space 131072K, 29% used [0x0000000701a00000,0x0000000703fd8248,0x0000000709a00000)
 Metaspace       used 13558K, capacity 13714K, committed 14080K, reserved 1060864K
  class space    used 1664K, capacity 1697K, committed 1792K, reserved 1048576K
Event: 8.341 GC heap after
Heap after GC invocations=7 (full 0):
 PSYoungGen      total 427008K, used 6389K [0x0000000780900000, 0x00000007b4800000, 0x00000007c0000000)
  eden space 393216K, 0% used [0x0000000780900000,0x0000000780900000,0x0000000798900000)
  from space 33792K, 18% used [0x0000000798900000,0x0000000798f3d580,0x000000079aa00000)
  to   space 32256K, 0% used [0x00000007b2880000,0x00000007b2880000,0x00000007b4800000)
 ParOldGen       total 131072K, used 39200K [0x0000000701a00000, 0x0000000709a00000, 0x0000000780900000)
  object space 131072K, 29% used [0x0000000701a00000,0x0000000704048258,0x0000000709a00000)
 Metaspace       used 13558K, capacity 13714K, committed 14080K, reserved 1060864K
  class space    used 1664K, capacity 1697K, committed 1792K, reserved 1048576K
}
Event: 9.876 GC heap before
{Heap before GC invocations=8 (full 0):
 PSYoungGen      total 427008K, used 399605K [0x0000000780900000, 0x00000007b4800000, 0x00000007c0000000)
  eden space 393216K, 100% used [0x0000000780900000,0x0000000798900000,0x0000000798900000)
  from space 33792K, 18% used [0x0000000798900000,0x0000000798f3d580,0x000000079aa00000)
  to   space 32256K, 0% used [0x00000007b2880000,0x00000007b2880000,0x00000007b4800000)
 ParOldGen       total 131072K, used 39200K [0x0000000701a00000, 0x0000000709a00000, 0x0000000780900000)
  object space 131072K, 29% used [0x0000000701a00000,0x0000000704048258,0x0000000709a00000)
 Metaspace       used 13724K, capacity 13906K, committed 14080K, reserved 1060864K
  class space    used 1671K, capacity 1697K, committed 1792K, reserved 1048576K
Event: 9.884 GC heap after
Heap after GC invocations=8 (full 0):
 PSYoungGen      total 815616K, used 8486K [0x0000000780900000, 0x00000007b4500000, 0x00000007c0000000)
  eden space 786432K, 0% used [0x0000000780900000,0x0000000780900000,0x00000007b0900000)
  from space 29184K, 29% used [0x00000007b2880000,0x00000007b30c9ae0,0x00000007b4500000)
  to   space 30720K, 0% used [0x00000007b0900000,0x00000007b0900000,0x00000007b2700000)
 ParOldGen       total 131072K, used 39360K [0x0000000701a00000, 0x0000000709a00000, 0x0000000780900000)
  object space 131072K, 30% used [0x0000000701a00000,0x0000000704070288,0x0000000709a00000)
 Metaspace       used 13724K, capacity 13906K, committed 14080K, reserved 1060864K
  class space    used 1671K, capacity 1697K, committed 1792K, reserved 1048576K
}
Event: 10.822 GC heap before
{Heap before GC invocations=9 (full 0):
 PSYoungGen      total 815616K, used 794918K [0x0000000780900000, 0x00000007b4500000, 0x00000007c0000000)
  eden space 786432K, 100% used [0x0000000780900000,0x00000007b0900000,0x00000007b0900000)
  from space 29184K, 29% used [0x00000007b2880000,0x00000007b30c9ae0,0x00000007b4500000)
  to   space 30720K, 0% used [0x00000007b0900000,0x00000007b0900000,0x00000007b2700000)
 ParOldGen       total 131072K, used 39360K [0x0000000701a00000, 0x0000000709a00000, 0x0000000780900000)
  object space 131072K, 30% used [0x0000000701a00000,0x0000000704070288,0x0000000709a00000)
 Metaspace       used 13832K, capacity 14034K, committed 14336K, reserved 1062912K
  class space    used 1671K, capacity 1697K, committed 1792K, reserved 1048576K
Event: 10.828 GC heap after
Heap after GC invocations=9 (full 0):
 PSYoungGen      total 817152K, used 7708K [0x0000000780900000, 0x00000007bff80000, 0x00000007c0000000)
  eden space 786432K, 0% used [0x0000000780900000,0x0000000780900000,0x00000007b0900000)
  from space 30720K, 25% used [0x00000007b0900000,0x00000007b10873c0,0x00000007b2700000)
  to   space 29696K, 0% used [0x00000007be280000,0x00000007be280000,0x00000007bff80000)
 ParOldGen       total 131072K, used 41760K [0x0000000701a00000, 0x0000000709a00000, 0x0000000780900000)
  object space 131072K, 31% used [0x0000000701a00000,0x00000007042c8340,0x0000000709a00000)
 Metaspace       used 13832K, capacity 14034K, committed 14336K, reserved 1062912K
  class space    used 1671K, capacity 1697K, committed 1792K, reserved 1048576K
}

