# JRE version: Java(TM) SE Runtime Environment (8.0_25-b18) (build 1.8.0_25-b18)
# Java VM: Java HotSpot(TM) 64-Bit Server VM (25.25-b02 mixed mode windows-amd64 compressed oops)
Heap:
 PSYoungGen      total 57344K, used 45516K [0x0000000780900000, 0x0000000784900000, 0x00000007c0000000)
  eden space 49152K, 79% used [0x0000000780900000,0x0000000782f0b440,0x0000000783900000)
  from space 8192K, 80% used [0x0000000784100000,0x0000000784767f58,0x0000000784900000)
  to   space 8192K, 0% used [0x0000000783900000,0x0000000783900000,0x0000000784100000)
 ParOldGen       total 131072K, used 30K [0x0000000701a00000, 0x0000000709a00000, 0x0000000780900000)
  object space 131072K, 0% used [0x0000000701a00000,0x0000000701a07810,0x0000000709a00000)
 Metaspace       used 15323K, capacity 15564K, committed 15872K, reserved 1062912K
  class space    used 1871K, capacity 1924K, committed 2048K, reserved 1048576K
GC Heap History (4 events):
Event: 2.705 GC heap before
{Heap before GC invocations=1 (full 0):
 PSYoungGen      total 57344K, used 49152K [0x0000000780900000, 0x0000000784900000, 0x00000007c0000000)
  eden space 49152K, 100% used [0x0000000780900000,0x0000000783900000,0x0000000783900000)
  from space 8192K, 0% used [0x0000000784100000,0x0000000784100000,0x0000000784900000)
  to   space 8192K, 0% used [0x0000000783900000,0x0000000783900000,0x0000000784100000)
 ParOldGen       total 131072K, used 0K [0x0000000701a00000, 0x0000000709a00000, 0x0000000780900000)
  object space 131072K, 0% used [0x0000000701a00000,0x0000000701a00000,0x0000000709a00000)
 Metaspace       used 11710K, capacity 11880K, committed 12032K, reserved 1060864K
  class space    used 1443K, capacity 1472K, committed 1536K, reserved 1048576K
Event: 2.721 GC heap after
Heap after GC invocations=1 (full 0):
 PSYoungGen      total 57344K, used 5194K [0x0000000780900000, 0x0000000784900000, 0x00000007c0000000)
  eden space 49152K, 0% used [0x0000000780900000,0x0000000780900000,0x0000000783900000)
  from space 8192K, 63% used [0x0000000783900000,0x0000000783e128a0,0x0000000784100000)
  to   space 8192K, 0% used [0x0000000784100000,0x0000000784100000,0x0000000784900000)
 ParOldGen       total 131072K, used 8K [0x0000000701a00000, 0x0000000709a00000, 0x0000000780900000)
  object space 131072K, 0% used [0x0000000701a00000,0x0000000701a02000,0x0000000709a00000)
 Metaspace       used 11710K, capacity 11880K, committed 12032K, reserved 1060864K
  class space    used 1443K, capacity 1472K, committed 1536K, reserved 1048576K
}
Event: 9.205 GC heap before
{Heap before GC invocations=2 (full 0):
 PSYoungGen      total 57344K, used 54346K [0x0000000780900000, 0x0000000784900000, 0x00000007c0000000)
  eden space 49152K, 100% used [0x0000000780900000,0x0000000783900000,0x0000000783900000)
  from space 8192K, 63% used [0x0000000783900000,0x0000000783e128a0,0x0000000784100000)
  to   space 8192K, 0% used [0x0000000784100000,0x0000000784100000,0x0000000784900000)
 ParOldGen       total 131072K, used 8K [0x0000000701a00000, 0x0000000709a00000, 0x0000000780900000)
  object space 131072K, 0% used [0x0000000701a00000,0x0000000701a02000,0x0000000709a00000)
 Metaspace       used 15140K, capacity 15332K, committed 15488K, reserved 1062912K
  class space    used 1869K, capacity 1892K, committed 1920K, reserved 1048576K
Event: 9.217 GC heap after
Heap after GC invocations=2 (full 0):
 PSYoungGen      total 57344K, used 6559K [0x0000000780900000, 0x0000000784900000, 0x00000007c0000000)
  eden space 49152K, 0% used [0x0000000780900000,0x0000000780900000,0x0000000783900000)
  from space 8192K, 80% used [0x0000000784100000,0x0000000784767f58,0x0000000784900000)
  to   space 8192K, 0% used [0x0000000783900000,0x0000000783900000,0x0000000784100000)
 ParOldGen       total 131072K, used 30K [0x0000000701a00000, 0x0000000709a00000, 0x0000000780900000)
  object space 131072K, 0% used [0x0000000701a00000,0x0000000701a07810,0x0000000709a00000)
 Metaspace       used 15140K, capacity 15332K, committed 15488K, reserved 1062912K
  class space    used 1869K, capacity 1892K, committed 1920K, reserved 1048576K
}

