# JRE version: Java(TM) SE Runtime Environment (8.0_25-b18) (build 1.8.0_25-b18)
# Java VM: Java HotSpot(TM) 64-Bit Server VM (25.25-b02 mixed mode windows-amd64 compressed oops)
Heap:
 PSYoungGen      total 1003520K, used 814674K [0x0000000780900000, 0x00000007c0000000, 0x00000007c0000000)
  eden space 969728K, 81% used [0x0000000780900000,0x00000007b0babd18,0x00000007bbc00000)
  from space 33792K, 75% used [0x00000007bdf00000,0x00000007bf7e8ed0,0x00000007c0000000)
  to   space 34816K, 0% used [0x00000007bbc00000,0x00000007bbc00000,0x00000007bde00000)
 ParOldGen       total 225792K, used 61590K [0x0000000701a00000, 0x000000070f680000, 0x0000000780900000)
  object space 225792K, 27% used [0x0000000701a00000,0x0000000705625a40,0x000000070f680000)
 Metaspace       used 13974K, capacity 14160K, committed 14336K, reserved 1062912K
  class space    used 1672K, capacity 1696K, committed 1792K, reserved 1048576K
GC Heap History (10 events):
Event: 22.329 GC heap before
{Heap before GC invocations=38 (full 5):
 PSYoungGen      total 1007104K, used 998083K [0x0000000780900000, 0x00000007bff80000, 0x00000007c0000000)
  eden space 975872K, 100% used [0x0000000780900000,0x00000007bc200000,0x00000007bc200000)
  from space 31232K, 71% used [0x00000007be080000,0x00000007bf630d38,0x00000007bff00000)
  to   space 31232K, 0% used [0x00000007bc200000,0x00000007bc200000,0x00000007be080000)
 ParOldGen       total 159744K, used 37065K [0x0000000701a00000, 0x000000070b600000, 0x0000000780900000)
  object space 159744K, 23% used [0x0000000701a00000,0x0000000703e325d8,0x000000070b600000)
 Metaspace       used 13916K, capacity 14096K, committed 14336K, reserved 1062912K
  class space    used 1672K, capacity 1696K, committed 1792K, reserved 1048576K
Event: 22.337 GC heap after
Heap after GC invocations=38 (full 5):
 PSYoungGen      total 1007104K, used 31131K [0x0000000780900000, 0x00000007c0000000, 0x00000007c0000000)
  eden space 975872K, 0% used [0x0000000780900000,0x0000000780900000,0x00000007bc200000)
  from space 31232K, 99% used [0x00000007bc200000,0x00000007be066e10,0x00000007be080000)
  to   space 32256K, 0% used [0x00000007be080000,0x00000007be080000,0x00000007c0000000)
 ParOldGen       total 159744K, used 49879K [0x0000000701a00000, 0x000000070b600000, 0x0000000780900000)
  object space 159744K, 31% used [0x0000000701a00000,0x0000000704ab5d58,0x000000070b600000)
 Metaspace       used 13916K, capacity 14096K, committed 14336K, reserved 1062912K
  class space    used 1672K, capacity 1696K, committed 1792K, reserved 1048576K
}
Event: 22.763 GC heap before
{Heap before GC invocations=39 (full 5):
 PSYoungGen      total 1007104K, used 1007003K [0x0000000780900000, 0x00000007c0000000, 0x00000007c0000000)
  eden space 975872K, 100% used [0x0000000780900000,0x00000007bc200000,0x00000007bc200000)
  from space 31232K, 99% used [0x00000007bc200000,0x00000007be066e10,0x00000007be080000)
  to   space 32256K, 0% used [0x00000007be080000,0x00000007be080000,0x00000007c0000000)
 ParOldGen       total 159744K, used 59487K [0x0000000701a00000, 0x000000070b600000, 0x0000000780900000)
  object space 159744K, 37% used [0x0000000701a00000,0x0000000705417d90,0x000000070b600000)
 Metaspace       used 13925K, capacity 14096K, committed 14336K, reserved 1062912K
  class space    used 1672K, capacity 1696K, committed 1792K, reserved 1048576K
Event: 22.770 GC heap after
Heap after GC invocations=39 (full 5):
 PSYoungGen      total 1004032K, used 21215K [0x0000000780900000, 0x00000007c0000000, 0x00000007c0000000)
  eden space 971776K, 0% used [0x0000000780900000,0x0000000780900000,0x00000007bbe00000)
  from space 32256K, 65% used [0x00000007be080000,0x00000007bf537c30,0x00000007c0000000)
  to   space 33792K, 0% used [0x00000007bbe00000,0x00000007bbe00000,0x00000007bdf00000)
 ParOldGen       total 159744K, used 80214K [0x0000000701a00000, 0x000000070b600000, 0x0000000780900000)
  object space 159744K, 50% used [0x0000000701a00000,0x00000007068558e0,0x000000070b600000)
 Metaspace       used 13925K, capacity 14096K, committed 14336K, reserved 1062912K
  class space    used 1672K, capacity 1696K, committed 1792K, reserved 1048576K
}
Event: 23.264 GC heap before
{Heap before GC invocations=40 (full 5):
 PSYoungGen      total 1004032K, used 992991K [0x0000000780900000, 0x00000007c0000000, 0x00000007c0000000)
  eden space 971776K, 100% used [0x0000000780900000,0x00000007bbe00000,0x00000007bbe00000)
  from space 32256K, 65% used [0x00000007be080000,0x00000007bf537c30,0x00000007c0000000)
  to   space 33792K, 0% used [0x00000007bbe00000,0x00000007bbe00000,0x00000007bdf00000)
 ParOldGen       total 159744K, used 107183K [0x0000000701a00000, 0x000000070b600000, 0x0000000780900000)
  object space 159744K, 67% used [0x0000000701a00000,0x00000007082abcf8,0x000000070b600000)
 Metaspace       used 13940K, capacity 14096K, committed 14336K, reserved 1062912K
  class space    used 1672K, capacity 1696K, committed 1792K, reserved 1048576K
Event: 23.271 GC heap after
Heap after GC invocations=40 (full 5):
 PSYoungGen      total 1005568K, used 10255K [0x0000000780900000, 0x00000007c0000000, 0x00000007c0000000)
  eden space 971776K, 0% used [0x0000000780900000,0x0000000780900000,0x00000007bbe00000)
  from space 33792K, 30% used [0x00000007bbe00000,0x00000007bc803f90,0x00000007bdf00000)
  to   space 33792K, 0% used [0x00000007bdf00000,0x00000007bdf00000,0x00000007c0000000)
 ParOldGen       total 159744K, used 124928K [0x0000000701a00000, 0x000000070b600000, 0x0000000780900000)
  object space 159744K, 78% used [0x0000000701a00000,0x0000000709400158,0x000000070b600000)
 Metaspace       used 13940K, capacity 14096K, committed 14336K, reserved 1062912K
  class space    used 1672K, capacity 1696K, committed 1792K, reserved 1048576K
}
Event: 23.722 GC heap before
{Heap before GC invocations=41 (full 6):
 PSYoungGen      total 1005568K, used 982031K [0x0000000780900000, 0x00000007c0000000, 0x00000007c0000000)
  eden space 971776K, 100% used [0x0000000780900000,0x00000007bbe00000,0x00000007bbe00000)
  from space 33792K, 30% used [0x00000007bbe00000,0x00000007bc803f90,0x00000007bdf00000)
  to   space 33792K, 0% used [0x00000007bdf00000,0x00000007bdf00000,0x00000007c0000000)
 ParOldGen       total 159744K, used 134433K [0x0000000701a00000, 0x000000070b600000, 0x0000000780900000)
  object space 159744K, 84% used [0x0000000701a00000,0x0000000709d485b0,0x000000070b600000)
 Metaspace       used 13952K, capacity 14160K, committed 14336K, reserved 1062912K
  class space    used 1672K, capacity 1696K, committed 1792K, reserved 1048576K
Event: 23.753 GC heap after
Heap after GC invocations=41 (full 6):
 PSYoungGen      total 1005568K, used 0K [0x0000000780900000, 0x00000007c0000000, 0x00000007c0000000)
  eden space 971776K, 0% used [0x0000000780900000,0x0000000780900000,0x00000007bbe00000)
  from space 33792K, 0% used [0x00000007bbe00000,0x00000007bbe00000,0x00000007bdf00000)
  to   space 33792K, 0% used [0x00000007bdf00000,0x00000007bdf00000,0x00000007c0000000)
 ParOldGen       total 225792K, used 59870K [0x0000000701a00000, 0x000000070f680000, 0x0000000780900000)
  object space 225792K, 26% used [0x0000000701a00000,0x00000007054778d8,0x000000070f680000)
 Metaspace       used 13952K, capacity 14160K, committed 14336K, reserved 1062912K
  class space    used 1672K, capacity 1696K, committed 1792K, reserved 1048576K
}
Event: 24.089 GC heap before
{Heap before GC invocations=42 (full 6):
 PSYoungGen      total 1005568K, used 971776K [0x0000000780900000, 0x00000007c0000000, 0x00000007c0000000)
  eden space 971776K, 100% used [0x0000000780900000,0x00000007bbe00000,0x00000007bbe00000)
  from space 33792K, 0% used [0x00000007bbe00000,0x00000007bbe00000,0x00000007bdf00000)
  to   space 33792K, 0% used [0x00000007bdf00000,0x00000007bdf00000,0x00000007c0000000)
 ParOldGen       total 225792K, used 61590K [0x0000000701a00000, 0x000000070f680000, 0x0000000780900000)
  object space 225792K, 27% used [0x0000000701a00000,0x0000000705625a40,0x000000070f680000)
 Metaspace       used 13974K, capacity 14160K, committed 14336K, reserved 1062912K
  class space    used 1672K, capacity 1696K, committed 1792K, reserved 1048576K
Event: 24.094 GC heap after
Heap after GC invocations=42 (full 6):
 PSYoungGen      total 1003520K, used 25507K [0x0000000780900000, 0x00000007c0000000, 0x00000007c0000000)
  eden space 969728K, 0% used [0x0000000780900000,0x0000000780900000,0x00000007bbc00000)
  from space 33792K, 75% used [0x00000007bdf00000,0x00000007bf7e8ed0,0x00000007c0000000)
  to   space 34816K, 0% used [0x00000007bbc00000,0x00000007bbc00000,0x00000007bde00000)
 ParOldGen       total 225792K, used 61590K [0x0000000701a00000, 0x000000070f680000, 0x0000000780900000)
  object space 225792K, 27% used [0x0000000701a00000,0x0000000705625a40,0x000000070f680000)
 Metaspace       used 13974K, capacity 14160K, committed 14336K, reserved 1062912K
  class space    used 1672K, capacity 1696K, committed 1792K, reserved 1048576K
}

