# JRE version: Java(TM) SE Runtime Environment (8.0_25-b18) (build 1.8.0_25-b18)
# Java VM: Java HotSpot(TM) 64-Bit Server VM (25.25-b02 mixed mode windows-amd64 compressed oops)
Heap:
 PSYoungGen      total 635392K, used 213872K [0x0000000780900000, 0x00000007bef00000, 0x00000007c0000000)
  eden space 624640K, 33% used [0x0000000780900000,0x000000078d864348,0x00000007a6b00000)
  from space 10752K, 13% used [0x00000007a6b00000,0x00000007a6c78030,0x00000007a7580000)
  to   space 11264K, 0% used [0x00000007be400000,0x00000007be400000,0x00000007bef00000)
 ParOldGen       total 131072K, used 6985K [0x0000000701a00000, 0x0000000709a00000, 0x0000000780900000)
  object space 131072K, 5% used [0x0000000701a00000,0x00000007020d2468,0x0000000709a00000)
 Metaspace       used 15592K, capacity 15820K, committed 16128K, reserved 1062912K
  class space    used 1884K, capacity 1924K, committed 2048K, reserved 1048576K
GC Heap History (10 events):
Event: 6.168 GC heap before
{Heap before GC invocations=7 (full 0):
 PSYoungGen      total 203776K, used 203769K [0x0000000780900000, 0x000000078dd00000, 0x00000007c0000000)
  eden space 195072K, 100% used [0x0000000780900000,0x000000078c780000,0x000000078c780000)
  from space 8704K, 99% used [0x000000078d180000,0x000000078d9fe7c0,0x000000078da00000)
  to   space 10240K, 0% used [0x000000078c780000,0x000000078c780000,0x000000078d180000)
 ParOldGen       total 131072K, used 1157K [0x0000000701a00000, 0x0000000709a00000, 0x0000000780900000)
  object space 131072K, 0% used [0x0000000701a00000,0x0000000701b216d0,0x0000000709a00000)
 Metaspace       used 15034K, capacity 15236K, committed 15616K, reserved 1062912K
  class space    used 1870K, capacity 1924K, committed 2048K, reserved 1048576K
Event: 6.191 GC heap after
Heap after GC invocations=7 (full 0):
 PSYoungGen      total 205312K, used 4423K [0x0000000780900000, 0x0000000799b00000, 0x00000007c0000000)
  eden space 195072K, 0% used [0x0000000780900000,0x0000000780900000,0x000000078c780000)
  from space 10240K, 43% used [0x000000078c780000,0x000000078cbd1e00,0x000000078d180000)
  to   space 10752K, 0% used [0x0000000799080000,0x0000000799080000,0x0000000799b00000)
 ParOldGen       total 131072K, used 5352K [0x0000000701a00000, 0x0000000709a00000, 0x0000000780900000)
  object space 131072K, 4% used [0x0000000701a00000,0x0000000701f3a228,0x0000000709a00000)
 Metaspace       used 15034K, capacity 15236K, committed 15616K, reserved 1062912K
  class space    used 1870K, capacity 1924K, committed 2048K, reserved 1048576K
}
Event: 6.587 GC heap before
{Heap before GC invocations=8 (full 0):
 PSYoungGen      total 205312K, used 199495K [0x0000000780900000, 0x0000000799b00000, 0x00000007c0000000)
  eden space 195072K, 100% used [0x0000000780900000,0x000000078c780000,0x000000078c780000)
  from space 10240K, 43% used [0x000000078c780000,0x000000078cbd1e00,0x000000078d180000)
  to   space 10752K, 0% used [0x0000000799080000,0x0000000799080000,0x0000000799b00000)
 ParOldGen       total 131072K, used 5352K [0x0000000701a00000, 0x0000000709a00000, 0x0000000780900000)
  object space 131072K, 4% used [0x0000000701a00000,0x0000000701f3a228,0x0000000709a00000)
 Metaspace       used 15133K, capacity 15364K, committed 15616K, reserved 1062912K
  class space    used 1877K, capacity 1924K, committed 2048K, reserved 1048576K
Event: 6.590 GC heap after
Heap after GC invocations=8 (full 0):
 PSYoungGen      total 399872K, used 5204K [0x0000000780900000, 0x0000000799a00000, 0x00000007c0000000)
  eden space 390144K, 0% used [0x0000000780900000,0x0000000780900000,0x0000000798600000)
  from space 9728K, 53% used [0x0000000799080000,0x00000007995952b0,0x0000000799a00000)
  to   space 10240K, 0% used [0x0000000798600000,0x0000000798600000,0x0000000799000000)
 ParOldGen       total 131072K, used 5912K [0x0000000701a00000, 0x0000000709a00000, 0x0000000780900000)
  object space 131072K, 4% used [0x0000000701a00000,0x0000000701fc63f8,0x0000000709a00000)
 Metaspace       used 15133K, capacity 15364K, committed 15616K, reserved 1062912K
  class space    used 1877K, capacity 1924K, committed 2048K, reserved 1048576K
}
Event: 8.213 GC heap before
{Heap before GC invocations=9 (full 0):
 PSYoungGen      total 399872K, used 395348K [0x0000000780900000, 0x0000000799a00000, 0x00000007c0000000)
  eden space 390144K, 100% used [0x0000000780900000,0x0000000798600000,0x0000000798600000)
  from space 9728K, 53% used [0x0000000799080000,0x00000007995952b0,0x0000000799a00000)
  to   space 10240K, 0% used [0x0000000798600000,0x0000000798600000,0x0000000799000000)
 ParOldGen       total 131072K, used 5913K [0x0000000701a00000, 0x0000000709a00000, 0x0000000780900000)
  object space 131072K, 4% used [0x0000000701a00000,0x0000000701fc6460,0x0000000709a00000)
 Metaspace       used 15372K, capacity 15564K, committed 15872K, reserved 1062912K
  class space    used 1883K, capacity 1924K, committed 2048K, reserved 1048576K
Event: 8.219 GC heap after
Heap after GC invocations=9 (full 0):
 PSYoungGen      total 400384K, used 1632K [0x0000000780900000, 0x00000007a8100000, 0x00000007c0000000)
  eden space 390144K, 0% used [0x0000000780900000,0x0000000780900000,0x0000000798600000)
  from space 10240K, 15% used [0x0000000798600000,0x00000007987982a0,0x0000000799000000)
  to   space 11264K, 0% used [0x00000007a7600000,0x00000007a7600000,0x00000007a8100000)
 ParOldGen       total 131072K, used 6401K [0x0000000701a00000, 0x0000000709a00000, 0x0000000780900000)
  object space 131072K, 4% used [0x0000000701a00000,0x00000007020405c0,0x0000000709a00000)
 Metaspace       used 15372K, capacity 15564K, committed 15872K, reserved 1062912K
  class space    used 1883K, capacity 1924K, committed 2048K, reserved 1048576K
}
Event: 8.753 GC heap before
{Heap before GC invocations=10 (full 0):
 PSYoungGen      total 400384K, used 391776K [0x0000000780900000, 0x00000007a8100000, 0x00000007c0000000)
  eden space 390144K, 100% used [0x0000000780900000,0x0000000798600000,0x0000000798600000)
  from space 10240K, 15% used [0x0000000798600000,0x00000007987982a0,0x0000000799000000)
  to   space 11264K, 0% used [0x00000007a7600000,0x00000007a7600000,0x00000007a8100000)
 ParOldGen       total 131072K, used 6403K [0x0000000701a00000, 0x0000000709a00000, 0x0000000780900000)
  object space 131072K, 4% used [0x0000000701a00000,0x0000000702040d08,0x0000000709a00000)
 Metaspace       used 15425K, capacity 15628K, committed 15872K, reserved 1062912K
  class space    used 1883K, capacity 1924K, committed 2048K, reserved 1048576K
Event: 8.759 GC heap after
Heap after GC invocations=10 (full 0):
 PSYoungGen      total 634880K, used 6800K [0x0000000780900000, 0x00000007a8000000, 0x00000007c0000000)
  eden space 624640K, 0% used [0x0000000780900000,0x0000000780900000,0x00000007a6b00000)
  from space 10240K, 66% used [0x00000007a7600000,0x00000007a7ca4260,0x00000007a8000000)
  to   space 10752K, 0% used [0x00000007a6b00000,0x00000007a6b00000,0x00000007a7580000)
 ParOldGen       total 131072K, used 6452K [0x0000000701a00000, 0x0000000709a00000, 0x0000000780900000)
  object space 131072K, 4% used [0x0000000701a00000,0x000000070204d0b0,0x0000000709a00000)
 Metaspace       used 15425K, capacity 15628K, committed 15872K, reserved 1062912K
  class space    used 1883K, capacity 1924K, committed 2048K, reserved 1048576K
}
Event: 9.750 GC heap before
{Heap before GC invocations=11 (full 0):
 PSYoungGen      total 634880K, used 631440K [0x0000000780900000, 0x00000007a8000000, 0x00000007c0000000)
  eden space 624640K, 100% used [0x0000000780900000,0x00000007a6b00000,0x00000007a6b00000)
  from space 10240K, 66% used [0x00000007a7600000,0x00000007a7ca4260,0x00000007a8000000)
  to   space 10752K, 0% used [0x00000007a6b00000,0x00000007a6b00000,0x00000007a7580000)
 ParOldGen       total 131072K, used 6452K [0x0000000701a00000, 0x0000000709a00000, 0x0000000780900000)
  object space 131072K, 4% used [0x0000000701a00000,0x000000070204d0b0,0x0000000709a00000)
 Metaspace       used 15551K, capacity 15756K, committed 16128K, reserved 1062912K
  class space    used 1884K, capacity 1924K, committed 2048K, reserved 1048576K
Event: 9.758 GC heap after
Heap after GC invocations=11 (full 0):
 PSYoungGen      total 635392K, used 1504K [0x0000000780900000, 0x00000007bef00000, 0x00000007c0000000)
  eden space 624640K, 0% used [0x0000000780900000,0x0000000780900000,0x00000007a6b00000)
  from space 10752K, 13% used [0x00000007a6b00000,0x00000007a6c78030,0x00000007a7580000)
  to   space 11264K, 0% used [0x00000007be400000,0x00000007be400000,0x00000007bef00000)
 ParOldGen       total 131072K, used 6985K [0x0000000701a00000, 0x0000000709a00000, 0x0000000780900000)
  object space 131072K, 5% used [0x0000000701a00000,0x00000007020d2468,0x0000000709a00000)
 Metaspace       used 15551K, capacity 15756K, committed 16128K, reserved 1062912K
  class space    used 1884K, capacity 1924K, committed 2048K, reserved 1048576K
}

