# JRE version: Java(TM) SE Runtime Environment (8.0_25-b18) (build 1.8.0_25-b18)
# Java VM: Java HotSpot(TM) 64-Bit Server VM (25.25-b02 mixed mode windows-amd64 compressed oops)
Heap:
 PSYoungGen      total 793600K, used 552445K [0x0000000780900000, 0x00000007c0000000, 0x00000007c0000000)
  eden space 783360K, 69% used [0x0000000780900000,0x00000007a1fa96c8,0x00000007b0600000)
  from space 10240K, 48% used [0x00000007b0600000,0x00000007b0ad5d40,0x00000007b1000000)
  to   space 10240K, 0% used [0x00000007bf600000,0x00000007bf600000,0x00000007c0000000)
 ParOldGen       total 131072K, used 6659K [0x0000000701a00000, 0x0000000709a00000, 0x0000000780900000)
  object space 131072K, 5% used [0x0000000701a00000,0x0000000702080c08,0x0000000709a00000)
 Metaspace       used 15491K, capacity 15696K, committed 15872K, reserved 1062912K
  class space    used 1882K, capacity 1924K, committed 2048K, reserved 1048576K
GC Heap History (10 events):
Event: 5.850 GC heap before
{Heap before GC invocations=5 (full 0):
 PSYoungGen      total 204800K, used 203166K [0x0000000780900000, 0x000000078d900000, 0x00000007c0000000)
  eden space 196608K, 100% used [0x0000000780900000,0x000000078c900000,0x000000078c900000)
  from space 8192K, 80% used [0x000000078d100000,0x000000078d7679d0,0x000000078d900000)
  to   space 8192K, 0% used [0x000000078c900000,0x000000078c900000,0x000000078d100000)
 ParOldGen       total 131072K, used 176K [0x0000000701a00000, 0x0000000709a00000, 0x0000000780900000)
  object space 131072K, 0% used [0x0000000701a00000,0x0000000701a2c0e0,0x0000000709a00000)
 Metaspace       used 15088K, capacity 15300K, committed 15616K, reserved 1062912K
  class space    used 1875K, capacity 1924K, committed 2048K, reserved 1048576K
Event: 5.860 GC heap after
Heap after GC invocations=5 (full 0):
 PSYoungGen      total 204800K, used 8096K [0x0000000780900000, 0x0000000799a00000, 0x00000007c0000000)
  eden space 196608K, 0% used [0x0000000780900000,0x0000000780900000,0x000000078c900000)
  from space 8192K, 98% used [0x000000078c900000,0x000000078d0e81d0,0x000000078d100000)
  to   space 8704K, 0% used [0x0000000799180000,0x0000000799180000,0x0000000799a00000)
 ParOldGen       total 131072K, used 184K [0x0000000701a00000, 0x0000000709a00000, 0x0000000780900000)
  object space 131072K, 0% used [0x0000000701a00000,0x0000000701a2e0e0,0x0000000709a00000)
 Metaspace       used 15088K, capacity 15300K, committed 15616K, reserved 1062912K
  class space    used 1875K, capacity 1924K, committed 2048K, reserved 1048576K
}
Event: 6.287 GC heap before
{Heap before GC invocations=6 (full 0):
 PSYoungGen      total 204800K, used 204704K [0x0000000780900000, 0x0000000799a00000, 0x00000007c0000000)
  eden space 196608K, 100% used [0x0000000780900000,0x000000078c900000,0x000000078c900000)
  from space 8192K, 98% used [0x000000078c900000,0x000000078d0e81d0,0x000000078d100000)
  to   space 8704K, 0% used [0x0000000799180000,0x0000000799180000,0x0000000799a00000)
 ParOldGen       total 131072K, used 186K [0x0000000701a00000, 0x0000000709a00000, 0x0000000780900000)
  object space 131072K, 0% used [0x0000000701a00000,0x0000000701a2e860,0x0000000709a00000)
 Metaspace       used 15139K, capacity 15364K, committed 15616K, reserved 1062912K
  class space    used 1876K, capacity 1924K, committed 2048K, reserved 1048576K
Event: 6.298 GC heap after
Heap after GC invocations=6 (full 0):
 PSYoungGen      total 400384K, used 8698K [0x0000000780900000, 0x0000000799d00000, 0x00000007c0000000)
  eden space 391680K, 0% used [0x0000000780900000,0x0000000780900000,0x0000000798780000)
  from space 8704K, 99% used [0x0000000799180000,0x00000007999febf8,0x0000000799a00000)
  to   space 10240K, 0% used [0x0000000798780000,0x0000000798780000,0x0000000799180000)
 ParOldGen       total 131072K, used 1707K [0x0000000701a00000, 0x0000000709a00000, 0x0000000780900000)
  object space 131072K, 1% used [0x0000000701a00000,0x0000000701baad10,0x0000000709a00000)
 Metaspace       used 15139K, capacity 15364K, committed 15616K, reserved 1062912K
  class space    used 1876K, capacity 1924K, committed 2048K, reserved 1048576K
}
Event: 7.684 GC heap before
{Heap before GC invocations=7 (full 0):
 PSYoungGen      total 400384K, used 400378K [0x0000000780900000, 0x0000000799d00000, 0x00000007c0000000)
  eden space 391680K, 100% used [0x0000000780900000,0x0000000798780000,0x0000000798780000)
  from space 8704K, 99% used [0x0000000799180000,0x00000007999febf8,0x0000000799a00000)
  to   space 10240K, 0% used [0x0000000798780000,0x0000000798780000,0x0000000799180000)
 ParOldGen       total 131072K, used 1709K [0x0000000701a00000, 0x0000000709a00000, 0x0000000780900000)
  object space 131072K, 1% used [0x0000000701a00000,0x0000000701bab470,0x0000000709a00000)
 Metaspace       used 15366K, capacity 15560K, committed 15872K, reserved 1062912K
  class space    used 1882K, capacity 1924K, committed 2048K, reserved 1048576K
Event: 7.697 GC heap after
Heap after GC invocations=7 (full 0):
 PSYoungGen      total 401920K, used 7522K [0x0000000780900000, 0x00000007b1a00000, 0x00000007c0000000)
  eden space 391680K, 0% used [0x0000000780900000,0x0000000780900000,0x0000000798780000)
  from space 10240K, 73% used [0x0000000798780000,0x0000000798ed8b38,0x0000000799180000)
  to   space 10240K, 0% used [0x00000007b1000000,0x00000007b1000000,0x00000007b1a00000)
 ParOldGen       total 131072K, used 6128K [0x0000000701a00000, 0x0000000709a00000, 0x0000000780900000)
  object space 131072K, 4% used [0x0000000701a00000,0x0000000701ffc1d8,0x0000000709a00000)
 Metaspace       used 15366K, capacity 15560K, committed 15872K, reserved 1062912K
  class space    used 1882K, capacity 1924K, committed 2048K, reserved 1048576K
}
Event: 8.334 GC heap before
{Heap before GC invocations=8 (full 0):
 PSYoungGen      total 401920K, used 399202K [0x0000000780900000, 0x00000007b1a00000, 0x00000007c0000000)
  eden space 391680K, 100% used [0x0000000780900000,0x0000000798780000,0x0000000798780000)
  from space 10240K, 73% used [0x0000000798780000,0x0000000798ed8b38,0x0000000799180000)
  to   space 10240K, 0% used [0x00000007b1000000,0x00000007b1000000,0x00000007b1a00000)
 ParOldGen       total 131072K, used 6130K [0x0000000701a00000, 0x0000000709a00000, 0x0000000780900000)
  object space 131072K, 4% used [0x0000000701a00000,0x0000000701ffc958,0x0000000709a00000)
 Metaspace       used 15463K, capacity 15696K, committed 15872K, reserved 1062912K
  class space    used 1882K, capacity 1924K, committed 2048K, reserved 1048576K
Event: 8.342 GC heap after
Heap after GC invocations=8 (full 0):
 PSYoungGen      total 793600K, used 4071K [0x0000000780900000, 0x00000007b1a00000, 0x00000007c0000000)
  eden space 783360K, 0% used [0x0000000780900000,0x0000000780900000,0x00000007b0600000)
  from space 10240K, 39% used [0x00000007b1000000,0x00000007b13f9d50,0x00000007b1a00000)
  to   space 10240K, 0% used [0x00000007b0600000,0x00000007b0600000,0x00000007b1000000)
 ParOldGen       total 131072K, used 6498K [0x0000000701a00000, 0x0000000709a00000, 0x0000000780900000)
  object space 131072K, 4% used [0x0000000701a00000,0x0000000702058bb8,0x0000000709a00000)
 Metaspace       used 15463K, capacity 15696K, committed 15872K, reserved 1062912K
  class space    used 1882K, capacity 1924K, committed 2048K, reserved 1048576K
}
Event: 8.342 GC heap before
{Heap before GC invocations=9 (full 0):
 PSYoungGen      total 793600K, used 11872K [0x0000000780900000, 0x00000007b1a00000, 0x00000007c0000000)
  eden space 783360K, 0% used [0x0000000780900000,0x000000078109e490,0x00000007b0600000)
  from space 10240K, 39% used [0x00000007b1000000,0x00000007b13f9d50,0x00000007b1a00000)
  to   space 10240K, 0% used [0x00000007b0600000,0x00000007b0600000,0x00000007b1000000)
 ParOldGen       total 131072K, used 6498K [0x0000000701a00000, 0x0000000709a00000, 0x0000000780900000)
  object space 131072K, 4% used [0x0000000701a00000,0x0000000702058bb8,0x0000000709a00000)
 Metaspace       used 15463K, capacity 15696K, committed 15872K, reserved 1062912K
  class space    used 1882K, capacity 1924K, committed 2048K, reserved 1048576K
Event: 8.377 GC heap after
Heap after GC invocations=9 (full 0):
 PSYoungGen      total 793600K, used 4951K [0x0000000780900000, 0x00000007c0000000, 0x00000007c0000000)
  eden space 783360K, 0% used [0x0000000780900000,0x0000000780900000,0x00000007b0600000)
  from space 10240K, 48% used [0x00000007b0600000,0x00000007b0ad5d40,0x00000007b1000000)
  to   space 10240K, 0% used [0x00000007bf600000,0x00000007bf600000,0x00000007c0000000)
 ParOldGen       total 131072K, used 6659K [0x0000000701a00000, 0x0000000709a00000, 0x0000000780900000)
  object space 131072K, 5% used [0x0000000701a00000,0x0000000702080c08,0x0000000709a00000)
 Metaspace       used 15463K, capacity 15696K, committed 15872K, reserved 1062912K
  class space    used 1882K, capacity 1924K, committed 2048K, reserved 1048576K
}

