# JRE version: Java(TM) SE Runtime Environment (8.0_25-b18) (build 1.8.0_25-b18)
# Java VM: Java HotSpot(TM) 64-Bit Server VM (25.25-b02 mixed mode windows-amd64 compressed oops)
Heap:
 PSYoungGen      total 55808K, used 31494K [0x0000000780900000, 0x0000000787780000, 0x00000007c0000000)
  eden space 49152K, 51% used [0x0000000780900000,0x0000000782194998,0x0000000783900000)
  from space 6656K, 95% used [0x0000000787100000,0x000000078772d110,0x0000000787780000)
  to   space 8192K, 0% used [0x0000000786780000,0x0000000786780000,0x0000000786f80000)
 ParOldGen       total 131072K, used 32K [0x0000000701a00000, 0x0000000709a00000, 0x0000000780900000)
  object space 131072K, 0% used [0x0000000701a00000,0x0000000701a08000,0x0000000709a00000)
 Metaspace       used 15365K, capacity 15532K, committed 15744K, reserved 1062912K
  class space    used 1869K, capacity 1892K, committed 1920K, reserved 1048576K
GC Heap History (4 events):
Event: 3.334 GC heap before
{Heap before GC invocations=1 (full 0):
 PSYoungGen      total 57344K, used 49152K [0x0000000780900000, 0x0000000784900000, 0x00000007c0000000)
  eden space 49152K, 100% used [0x0000000780900000,0x0000000783900000,0x0000000783900000)
  from space 8192K, 0% used [0x0000000784100000,0x0000000784100000,0x0000000784900000)
  to   space 8192K, 0% used [0x0000000783900000,0x0000000783900000,0x0000000784100000)
 ParOldGen       total 131072K, used 0K [0x0000000701a00000, 0x0000000709a00000, 0x0000000780900000)
  object space 131072K, 0% used [0x0000000701a00000,0x0000000701a00000,0x0000000709a00000)
 Metaspace       used 11813K, capacity 11976K, committed 12032K, reserved 1060864K
  class space    used 1451K, capacity 1504K, committed 1536K, reserved 1048576K
Event: 3.369 GC heap after
Heap after GC invocations=1 (full 0):
 PSYoungGen      total 57344K, used 5424K [0x0000000780900000, 0x0000000787900000, 0x00000007c0000000)
  eden space 49152K, 0% used [0x0000000780900000,0x0000000780900000,0x0000000783900000)
  from space 8192K, 66% used [0x0000000783900000,0x0000000783e4c3f0,0x0000000784100000)
  to   space 8192K, 0% used [0x0000000787100000,0x0000000787100000,0x0000000787900000)
 ParOldGen       total 131072K, used 16K [0x0000000701a00000, 0x0000000709a00000, 0x0000000780900000)
  object space 131072K, 0% used [0x0000000701a00000,0x0000000701a04000,0x0000000709a00000)
 Metaspace       used 11813K, capacity 11976K, committed 12032K, reserved 1060864K
  class space    used 1451K, capacity 1504K, committed 1536K, reserved 1048576K
}
Event: 13.947 GC heap before
{Heap before GC invocations=2 (full 0):
 PSYoungGen      total 57344K, used 54576K [0x0000000780900000, 0x0000000787900000, 0x00000007c0000000)
  eden space 49152K, 100% used [0x0000000780900000,0x0000000783900000,0x0000000783900000)
  from space 8192K, 66% used [0x0000000783900000,0x0000000783e4c3f0,0x0000000784100000)
  to   space 8192K, 0% used [0x0000000787100000,0x0000000787100000,0x0000000787900000)
 ParOldGen       total 131072K, used 16K [0x0000000701a00000, 0x0000000709a00000, 0x0000000780900000)
  object space 131072K, 0% used [0x0000000701a00000,0x0000000701a04000,0x0000000709a00000)
 Metaspace       used 15231K, capacity 15396K, committed 15488K, reserved 1062912K
  class space    used 1869K, capacity 1892K, committed 1920K, reserved 1048576K
Event: 13.963 GC heap after
Heap after GC invocations=2 (full 0):
 PSYoungGen      total 55808K, used 6324K [0x0000000780900000, 0x0000000787780000, 0x00000007c0000000)
  eden space 49152K, 0% used [0x0000000780900000,0x0000000780900000,0x0000000783900000)
  from space 6656K, 95% used [0x0000000787100000,0x000000078772d110,0x0000000787780000)
  to   space 8192K, 0% used [0x0000000786780000,0x0000000786780000,0x0000000786f80000)
 ParOldGen       total 131072K, used 32K [0x0000000701a00000, 0x0000000709a00000, 0x0000000780900000)
  object space 131072K, 0% used [0x0000000701a00000,0x0000000701a08000,0x0000000709a00000)
 Metaspace       used 15231K, capacity 15396K, committed 15488K, reserved 1062912K
  class space    used 1869K, capacity 1892K, committed 1920K, reserved 1048576K
}

